<?xml version="1.0" encoding="UTF-8"?>
<testsuite xmlns:xsi="http://www.w3.org/2001/XMLSchema-instance" xsi:noNamespaceSchemaLocation="https://maven.apache.org/surefire/maven-failsafe-plugin/xsd/failsafe-test-report-3.0.xsd" version="3.0" name="Runner.CucumberTestSuite" time="10.704" tests="1" errors="0" skipped="0" failures="0">
  <properties>
    <property name="java.specification.version" value="18"/>
    <property name="webdriver.chrome.driver" value="src/test/resources/webdriver/mac/chromedriver"/>
    <property name="sun.jnu.encoding" value="UTF-8"/>
    <property name="java.class.path" value="/Users/cesarriosusuga/Desktop/Prueba-tecnica/target/test-classes:/Users/cesarriosusuga/.m2/repository/net/serenity-bdd/serenity-core/3.4.2/serenity-core-3.4.2.jar:/Users/cesarriosusuga/.m2/repository/net/serenity-bdd/serenity-model/3.4.2/serenity-model-3.4.2.jar:/Users/cesarriosusuga/.m2/repository/org/apache/commons/commons-text/1.10.0/commons-text-1.10.0.jar:/Users/cesarriosusuga/.m2/repository/commons-net/commons-net/3.8.0/commons-net-3.8.0.jar:/Users/cesarriosusuga/.m2/repository/com/google/guava/guava/31.1-jre/guava-31.1-jre.jar:/Users/cesarriosusuga/.m2/repository/com/google/guava/failureaccess/1.0.1/failureaccess-1.0.1.jar:/Users/cesarriosusuga/.m2/repository/com/google/guava/listenablefuture/9999.0-empty-to-avoid-conflict-with-guava/listenablefuture-9999.0-empty-to-avoid-conflict-with-guava.jar:/Users/cesarriosusuga/.m2/repository/com/google/code/findbugs/jsr305/3.0.2/jsr305-3.0.2.jar:/Users/cesarriosusuga/.m2/repository/org/checkerframework/checker-qual/3.12.0/checker-qual-3.12.0.jar:/Users/cesarriosusuga/.m2/repository/com/google/errorprone/error_prone_annotations/2.11.0/error_prone_annotations-2.11.0.jar:/Users/cesarriosusuga/.m2/repository/com/google/j2objc/j2objc-annotations/1.3/j2objc-annotations-1.3.jar:/Users/cesarriosusuga/.m2/repository/com/google/inject/guice/5.1.0/guice-5.1.0.jar:/Users/cesarriosusuga/.m2/repository/javax/inject/javax.inject/1/javax.inject-1.jar:/Users/cesarriosusuga/.m2/repository/aopalliance/aopalliance/1.0/aopalliance-1.0.jar:/Users/cesarriosusuga/.m2/repository/org/jsoup/jsoup/1.14.3/jsoup-1.14.3.jar:/Users/cesarriosusuga/.m2/repository/com/thoughtworks/xstream/xstream/1.4.19/xstream-1.4.19.jar:/Users/cesarriosusuga/.m2/repository/io/github/x-stream/mxparser/1.2.2/mxparser-1.2.2.jar:/Users/cesarriosusuga/.m2/repository/xmlpull/xmlpull/1.1.3.1/xmlpull-1.1.3.1.jar:/Users/cesarriosusuga/.m2/repository/com/typesafe/config/1.4.2/config-1.4.2.jar:/Users/cesarriosusuga/.m2/repository/org/imgscalr/imgscalr-lib/4.2/imgscalr-lib-4.2.jar:/Users/cesarriosusuga/.m2/repository/org/awaitility/awaitility/4.2.0/awaitility-4.2.0.jar:/Users/cesarriosusuga/.m2/repository/org/freemarker/freemarker/2.3.31/freemarker-2.3.31.jar:/Users/cesarriosusuga/.m2/repository/io/github/classgraph/classgraph/4.8.138/classgraph-4.8.138.jar:/Users/cesarriosusuga/.m2/repository/net/sourceforge/jexcelapi/jxl/2.6.12/jxl-2.6.12.jar:/Users/cesarriosusuga/.m2/repository/net/bytebuddy/byte-buddy-agent/1.12.18/byte-buddy-agent-1.12.18.jar:/Users/cesarriosusuga/.m2/repository/org/objenesis/objenesis/3.1/objenesis-3.1.jar:/Users/cesarriosusuga/.m2/repository/net/serenity-bdd/serenity-reports/3.4.2/serenity-reports-3.4.2.jar:/Users/cesarriosusuga/.m2/repository/net/serenity-bdd/serenity-stats/3.4.2/serenity-stats-3.4.2.jar:/Users/cesarriosusuga/.m2/repository/net/serenity-bdd/serenity-reports-configuration/3.4.2/serenity-reports-configuration-3.4.2.jar:/Users/cesarriosusuga/.m2/repository/com/vladsch/flexmark/flexmark-all/0.34.30/flexmark-all-0.34.30.jar:/Users/cesarriosusuga/.m2/repository/com/vladsch/flexmark/flexmark/0.34.30/flexmark-0.34.30.jar:/Users/cesarriosusuga/.m2/repository/com/vladsch/flexmark/flexmark-ext-abbreviation/0.34.30/flexmark-ext-abbreviation-0.34.30.jar:/Users/cesarriosusuga/.m2/repository/com/vladsch/flexmark/flexmark-ext-admonition/0.34.30/flexmark-ext-admonition-0.34.30.jar:/Users/cesarriosusuga/.m2/repository/com/vladsch/flexmark/flexmark-ext-anchorlink/0.34.30/flexmark-ext-anchorlink-0.34.30.jar:/Users/cesarriosusuga/.m2/repository/com/vladsch/flexmark/flexmark-ext-aside/0.34.30/flexmark-ext-aside-0.34.30.jar:/Users/cesarriosusuga/.m2/repository/com/vladsch/flexmark/flexmark-ext-attributes/0.34.30/flexmark-ext-attributes-0.34.30.jar:/Users/cesarriosusuga/.m2/repository/com/vladsch/flexmark/flexmark-ext-autolink/0.34.30/flexmark-ext-autolink-0.34.30.jar:/Users/cesarriosusuga/.m2/repository/org/nibor/autolink/autolink/0.6.0/autolink-0.6.0.jar:/Users/cesarriosusuga/.m2/repository/com/vladsch/flexmark/flexmark-ext-definition/0.34.30/flexmark-ext-definition-0.34.30.jar:/Users/cesarriosusuga/.m2/repository/com/vladsch/flexmark/flexmark-ext-emoji/0.34.30/flexmark-ext-emoji-0.34.30.jar:/Users/cesarriosusuga/.m2/repository/com/vladsch/flexmark/flexmark-ext-enumerated-reference/0.34.30/flexmark-ext-enumerated-reference-0.34.30.jar:/Users/cesarriosusuga/.m2/repository/com/vladsch/flexmark/flexmark-ext-escaped-character/0.34.30/flexmark-ext-escaped-character-0.34.30.jar:/Users/cesarriosusuga/.m2/repository/com/vladsch/flexmark/flexmark-ext-footnotes/0.34.30/flexmark-ext-footnotes-0.34.30.jar:/Users/cesarriosusuga/.m2/repository/com/vladsch/flexmark/flexmark-ext-gfm-issues/0.34.30/flexmark-ext-gfm-issues-0.34.30.jar:/Users/cesarriosusuga/.m2/repository/com/vladsch/flexmark/flexmark-ext-gfm-strikethrough/0.34.30/flexmark-ext-gfm-strikethrough-0.34.30.jar:/Users/cesarriosusuga/.m2/repository/com/vladsch/flexmark/flexmark-ext-gfm-tables/0.34.30/flexmark-ext-gfm-tables-0.34.30.jar:/Users/cesarriosusuga/.m2/repository/com/vladsch/flexmark/flexmark-ext-gfm-tasklist/0.34.30/flexmark-ext-gfm-tasklist-0.34.30.jar:/Users/cesarriosusuga/.m2/repository/com/vladsch/flexmark/flexmark-ext-gfm-users/0.34.30/flexmark-ext-gfm-users-0.34.30.jar:/Users/cesarriosusuga/.m2/repository/com/vladsch/flexmark/flexmark-ext-gitlab/0.34.30/flexmark-ext-gitlab-0.34.30.jar:/Users/cesarriosusuga/.m2/repository/com/vladsch/flexmark/flexmark-ext-jekyll-front-matter/0.34.30/flexmark-ext-jekyll-front-matter-0.34.30.jar:/Users/cesarriosusuga/.m2/repository/com/vladsch/flexmark/flexmark-ext-jekyll-tag/0.34.30/flexmark-ext-jekyll-tag-0.34.30.jar:/Users/cesarriosusuga/.m2/repository/com/vladsch/flexmark/flexmark-ext-media-tags/0.34.30/flexmark-ext-media-tags-0.34.30.jar:/Users/cesarriosusuga/.m2/repository/com/vladsch/flexmark/flexmark-test-util/0.34.30/flexmark-test-util-0.34.30.jar:/Users/cesarriosusuga/.m2/repository/com/vladsch/flexmark/flexmark-ext-ins/0.34.30/flexmark-ext-ins-0.34.30.jar:/Users/cesarriosusuga/.m2/repository/com/vladsch/flexmark/flexmark-ext-xwiki-macros/0.34.30/flexmark-ext-xwiki-macros-0.34.30.jar:/Users/cesarriosusuga/.m2/repository/com/vladsch/flexmark/flexmark-ext-superscript/0.34.30/flexmark-ext-superscript-0.34.30.jar:/Users/cesarriosusuga/.m2/repository/com/vladsch/flexmark/flexmark-ext-tables/0.34.30/flexmark-ext-tables-0.34.30.jar:/Users/cesarriosusuga/.m2/repository/com/vladsch/flexmark/flexmark-ext-toc/0.34.30/flexmark-ext-toc-0.34.30.jar:/Users/cesarriosusuga/.m2/repository/com/vladsch/flexmark/flexmark-ext-typographic/0.34.30/flexmark-ext-typographic-0.34.30.jar:/Users/cesarriosusuga/.m2/repository/com/vladsch/flexmark/flexmark-ext-wikilink/0.34.30/flexmark-ext-wikilink-0.34.30.jar:/Users/cesarriosusuga/.m2/repository/com/vladsch/flexmark/flexmark-ext-yaml-front-matter/0.34.30/flexmark-ext-yaml-front-matter-0.34.30.jar:/Users/cesarriosusuga/.m2/repository/com/vladsch/flexmark/flexmark-ext-youtube-embedded/0.34.30/flexmark-ext-youtube-embedded-0.34.30.jar:/Users/cesarriosusuga/.m2/repository/com/vladsch/flexmark/flexmark-formatter/0.34.30/flexmark-formatter-0.34.30.jar:/Users/cesarriosusuga/.m2/repository/com/vladsch/flexmark/flexmark-html-parser/0.34.30/flexmark-html-parser-0.34.30.jar:/Users/cesarriosusuga/.m2/repository/com/vladsch/flexmark/flexmark-jira-converter/0.34.30/flexmark-jira-converter-0.34.30.jar:/Users/cesarriosusuga/.m2/repository/com/vladsch/flexmark/flexmark-pdf-converter/0.34.30/flexmark-pdf-converter-0.34.30.jar:/Users/cesarriosusuga/.m2/repository/com/openhtmltopdf/openhtmltopdf-core/0.0.1-RC13/openhtmltopdf-core-0.0.1-RC13.jar:/Users/cesarriosusuga/.m2/repository/com/openhtmltopdf/openhtmltopdf-pdfbox/0.0.1-RC13/openhtmltopdf-pdfbox-0.0.1-RC13.jar:/Users/cesarriosusuga/.m2/repository/org/apache/pdfbox/pdfbox/2.0.8/pdfbox-2.0.8.jar:/Users/cesarriosusuga/.m2/repository/org/apache/pdfbox/fontbox/2.0.8/fontbox-2.0.8.jar:/Users/cesarriosusuga/.m2/repository/org/apache/pdfbox/xmpbox/2.0.8/xmpbox-2.0.8.jar:/Users/cesarriosusuga/.m2/repository/de/rototor/pdfbox/graphics2d/0.12/graphics2d-0.12.jar:/Users/cesarriosusuga/.m2/repository/com/openhtmltopdf/openhtmltopdf-rtl-support/0.0.1-RC13/openhtmltopdf-rtl-support-0.0.1-RC13.jar:/Users/cesarriosusuga/.m2/repository/com/ibm/icu/icu4j/59.1/icu4j-59.1.jar:/Users/cesarriosusuga/.m2/repository/com/openhtmltopdf/openhtmltopdf-jsoup-dom-converter/0.0.1-RC13/openhtmltopdf-jsoup-dom-converter-0.0.1-RC13.jar:/Users/cesarriosusuga/.m2/repository/com/vladsch/flexmark/flexmark-profile-pegdown/0.34.30/flexmark-profile-pegdown-0.34.30.jar:/Users/cesarriosusuga/.m2/repository/com/vladsch/flexmark/flexmark-util/0.34.30/flexmark-util-0.34.30.jar:/Users/cesarriosusuga/.m2/repository/com/vladsch/flexmark/flexmark-youtrack-converter/0.34.30/flexmark-youtrack-converter-0.34.30.jar:/Users/cesarriosusuga/.m2/repository/es/nitaur/markdown/txtmark/0.16/txtmark-0.16.jar:/Users/cesarriosusuga/.m2/repository/net/serenity-bdd/serenity-report-resources/3.4.2/serenity-report-resources-3.4.2.jar:/Users/cesarriosusuga/.m2/repository/com/google/code/gson/gson/2.9.0/gson-2.9.0.jar:/Users/cesarriosusuga/.m2/repository/com/fasterxml/jackson/core/jackson-core/2.13.4/jackson-core-2.13.4.jar:/Users/cesarriosusuga/.m2/repository/com/fasterxml/jackson/core/jackson-databind/2.13.4/jackson-databind-2.13.4.jar:/Users/cesarriosusuga/.m2/repository/com/fasterxml/jackson/core/jackson-annotations/2.13.4/jackson-annotations-2.13.4.jar:/Users/cesarriosusuga/.m2/repository/commons-codec/commons-codec/1.15/commons-codec-1.15.jar:/Users/cesarriosusuga/.m2/repository/commons-io/commons-io/2.11.0/commons-io-2.11.0.jar:/Users/cesarriosusuga/.m2/repository/org/apache/httpcomponents/httpclient/4.5.13/httpclient-4.5.13.jar:/Users/cesarriosusuga/.m2/repository/org/apache/httpcomponents/httpcore/4.4.13/httpcore-4.4.13.jar:/Users/cesarriosusuga/.m2/repository/commons-logging/commons-logging/1.2/commons-logging-1.2.jar:/Users/cesarriosusuga/.m2/repository/org/seleniumhq/selenium/selenium-java/4.6.0/selenium-java-4.6.0.jar:/Users/cesarriosusuga/.m2/repository/org/seleniumhq/selenium/selenium-devtools-v105/4.6.0/selenium-devtools-v105-4.6.0.jar:/Users/cesarriosusuga/.m2/repository/org/seleniumhq/selenium/selenium-devtools-v106/4.6.0/selenium-devtools-v106-4.6.0.jar:/Users/cesarriosusuga/.m2/repository/org/seleniumhq/selenium/selenium-devtools-v107/4.6.0/selenium-devtools-v107-4.6.0.jar:/Users/cesarriosusuga/.m2/repository/org/seleniumhq/selenium/selenium-devtools-v85/4.6.0/selenium-devtools-v85-4.6.0.jar:/Users/cesarriosusuga/.m2/repository/org/seleniumhq/selenium/selenium-remote-driver/4.6.0/selenium-remote-driver-4.6.0.jar:/Users/cesarriosusuga/.m2/repository/com/beust/jcommander/1.82/jcommander-1.82.jar:/Users/cesarriosusuga/.m2/repository/io/netty/netty-buffer/4.1.84.Final/netty-buffer-4.1.84.Final.jar:/Users/cesarriosusuga/.m2/repository/io/netty/netty-codec-http/4.1.84.Final/netty-codec-http-4.1.84.Final.jar:/Users/cesarriosusuga/.m2/repository/io/netty/netty-codec/4.1.84.Final/netty-codec-4.1.84.Final.jar:/Users/cesarriosusuga/.m2/repository/io/netty/netty-handler/4.1.84.Final/netty-handler-4.1.84.Final.jar:/Users/cesarriosusuga/.m2/repository/io/netty/netty-common/4.1.84.Final/netty-common-4.1.84.Final.jar:/Users/cesarriosusuga/.m2/repository/io/netty/netty-transport-classes-epoll/4.1.84.Final/netty-transport-classes-epoll-4.1.84.Final.jar:/Users/cesarriosusuga/.m2/repository/io/netty/netty-transport-classes-kqueue/4.1.84.Final/netty-transport-classes-kqueue-4.1.84.Final.jar:/Users/cesarriosusuga/.m2/repository/io/netty/netty-transport-native-epoll/4.1.84.Final/netty-transport-native-epoll-4.1.84.Final.jar:/Users/cesarriosusuga/.m2/repository/io/netty/netty-transport-native-kqueue/4.1.84.Final/netty-transport-native-kqueue-4.1.84.Final.jar:/Users/cesarriosusuga/.m2/repository/io/netty/netty-transport-native-unix-common/4.1.84.Final/netty-transport-native-unix-common-4.1.84.Final.jar:/Users/cesarriosusuga/.m2/repository/io/netty/netty-transport/4.1.84.Final/netty-transport-4.1.84.Final.jar:/Users/cesarriosusuga/.m2/repository/io/netty/netty-resolver/4.1.84.Final/netty-resolver-4.1.84.Final.jar:/Users/cesarriosusuga/.m2/repository/io/opentelemetry/opentelemetry-api/1.19.0/opentelemetry-api-1.19.0.jar:/Users/cesarriosusuga/.m2/repository/io/opentelemetry/opentelemetry-context/1.19.0/opentelemetry-context-1.19.0.jar:/Users/cesarriosusuga/.m2/repository/io/opentelemetry/opentelemetry-exporter-logging/1.19.0/opentelemetry-exporter-logging-1.19.0.jar:/Users/cesarriosusuga/.m2/repository/io/opentelemetry/opentelemetry-sdk-metrics/1.19.0/opentelemetry-sdk-metrics-1.19.0.jar:/Users/cesarriosusuga/.m2/repository/io/opentelemetry/opentelemetry-sdk-logs/1.19.0-alpha/opentelemetry-sdk-logs-1.19.0-alpha.jar:/Users/cesarriosusuga/.m2/repository/io/opentelemetry/opentelemetry-api-logs/1.19.0-alpha/opentelemetry-api-logs-1.19.0-alpha.jar:/Users/cesarriosusuga/.m2/repository/io/opentelemetry/opentelemetry-sdk-common/1.19.0/opentelemetry-sdk-common-1.19.0.jar:/Users/cesarriosusuga/.m2/repository/io/opentelemetry/opentelemetry-sdk-extension-autoconfigure-spi/1.19.0/opentelemetry-sdk-extension-autoconfigure-spi-1.19.0.jar:/Users/cesarriosusuga/.m2/repository/io/opentelemetry/opentelemetry-sdk-extension-autoconfigure/1.19.0-alpha/opentelemetry-sdk-extension-autoconfigure-1.19.0-alpha.jar:/Users/cesarriosusuga/.m2/repository/io/opentelemetry/opentelemetry-exporter-common/1.19.0/opentelemetry-exporter-common-1.19.0.jar:/Users/cesarriosusuga/.m2/repository/io/opentelemetry/opentelemetry-sdk-trace/1.19.0/opentelemetry-sdk-trace-1.19.0.jar:/Users/cesarriosusuga/.m2/repository/io/opentelemetry/opentelemetry-sdk/1.19.0/opentelemetry-sdk-1.19.0.jar:/Users/cesarriosusuga/.m2/repository/io/opentelemetry/opentelemetry-semconv/1.19.0-alpha/opentelemetry-semconv-1.19.0-alpha.jar:/Users/cesarriosusuga/.m2/repository/io/ous/jtoml/2.0.0/jtoml-2.0.0.jar:/Users/cesarriosusuga/.m2/repository/org/apache/commons/commons-exec/1.3/commons-exec-1.3.jar:/Users/cesarriosusuga/.m2/repository/org/asynchttpclient/async-http-client/2.12.3/async-http-client-2.12.3.jar:/Users/cesarriosusuga/.m2/repository/org/asynchttpclient/async-http-client-netty-utils/2.12.3/async-http-client-netty-utils-2.12.3.jar:/Users/cesarriosusuga/.m2/repository/io/netty/netty-codec-socks/4.1.60.Final/netty-codec-socks-4.1.60.Final.jar:/Users/cesarriosusuga/.m2/repository/io/netty/netty-handler-proxy/4.1.60.Final/netty-handler-proxy-4.1.60.Final.jar:/Users/cesarriosusuga/.m2/repository/io/netty/netty-transport-native-epoll/4.1.60.Final/netty-transport-native-epoll-4.1.60.Final-linux-x86_64.jar:/Users/cesarriosusuga/.m2/repository/io/netty/netty-transport-native-kqueue/4.1.60.Final/netty-transport-native-kqueue-4.1.60.Final-osx-x86_64.jar:/Users/cesarriosusuga/.m2/repository/org/reactivestreams/reactive-streams/1.0.3/reactive-streams-1.0.3.jar:/Users/cesarriosusuga/.m2/repository/com/typesafe/netty/netty-reactive-streams/2.0.4/netty-reactive-streams-2.0.4.jar:/Users/cesarriosusuga/.m2/repository/org/seleniumhq/selenium/selenium-http/4.6.0/selenium-http-4.6.0.jar:/Users/cesarriosusuga/.m2/repository/dev/failsafe/failsafe/3.3.0/failsafe-3.3.0.jar:/Users/cesarriosusuga/.m2/repository/org/seleniumhq/selenium/selenium-manager/4.6.0/selenium-manager-4.6.0.jar:/Users/cesarriosusuga/.m2/repository/org/seleniumhq/selenium/selenium-safari-driver/4.6.0/selenium-safari-driver-4.6.0.jar:/Users/cesarriosusuga/.m2/repository/org/seleniumhq/selenium/selenium-api/4.6.0/selenium-api-4.6.0.jar:/Users/cesarriosusuga/.m2/repository/org/seleniumhq/selenium/selenium-support/4.6.0/selenium-support-4.6.0.jar:/Users/cesarriosusuga/.m2/repository/com/google/auto/service/auto-service-annotations/1.0.1/auto-service-annotations-1.0.1.jar:/Users/cesarriosusuga/.m2/repository/com/google/auto/service/auto-service/1.0.1/auto-service-1.0.1.jar:/Users/cesarriosusuga/.m2/repository/com/google/auto/auto-common/1.2/auto-common-1.2.jar:/Users/cesarriosusuga/.m2/repository/org/seleniumhq/selenium/selenium-json/4.6.0/selenium-json-4.6.0.jar:/Users/cesarriosusuga/.m2/repository/org/seleniumhq/selenium/selenium-chrome-driver/4.6.0/selenium-chrome-driver-4.6.0.jar:/Users/cesarriosusuga/.m2/repository/org/seleniumhq/selenium/selenium-chromium-driver/4.6.0/selenium-chromium-driver-4.6.0.jar:/Users/cesarriosusuga/.m2/repository/org/seleniumhq/selenium/selenium-firefox-driver/4.6.0/selenium-firefox-driver-4.6.0.jar:/Users/cesarriosusuga/.m2/repository/org/seleniumhq/selenium/selenium-edge-driver/4.6.0/selenium-edge-driver-4.6.0.jar:/Users/cesarriosusuga/.m2/repository/org/seleniumhq/selenium/selenium-ie-driver/4.6.0/selenium-ie-driver-4.6.0.jar:/Users/cesarriosusuga/.m2/repository/org/projectlombok/lombok/1.18.20/lombok-1.18.20.jar:/Users/cesarriosusuga/.m2/repository/io/appium/java-client/8.2.0/java-client-8.2.0.jar:/Users/cesarriosusuga/.m2/repository/commons-validator/commons-validator/1.7/commons-validator-1.7.jar:/Users/cesarriosusuga/.m2/repository/commons-digester/commons-digester/2.1/commons-digester-2.1.jar:/Users/cesarriosusuga/.m2/repository/org/apache/groovy/groovy/4.0.6/groovy-4.0.6.jar:/Users/cesarriosusuga/.m2/repository/net/sf/opencsv/opencsv/2.0/opencsv-2.0.jar:/Users/cesarriosusuga/.m2/repository/commons-beanutils/commons-beanutils/1.9.4/commons-beanutils-1.9.4.jar:/Users/cesarriosusuga/.m2/repository/org/apache/commons/commons-lang3/3.12.0/commons-lang3-3.12.0.jar:/Users/cesarriosusuga/.m2/repository/commons-collections/commons-collections/3.2.2/commons-collections-3.2.2.jar:/Users/cesarriosusuga/.m2/repository/org/fluentlenium/fluentlenium-core/0.10.2/fluentlenium-core-0.10.2.jar:/Users/cesarriosusuga/.m2/repository/io/github/bonigarcia/webdrivermanager/5.3.0/webdrivermanager-5.3.0.jar:/Users/cesarriosusuga/.m2/repository/com/github/docker-java/docker-java/3.2.13/docker-java-3.2.13.jar:/Users/cesarriosusuga/.m2/repository/com/github/docker-java/docker-java-core/3.2.13/docker-java-core-3.2.13.jar:/Users/cesarriosusuga/.m2/repository/com/github/docker-java/docker-java-api/3.2.13/docker-java-api-3.2.13.jar:/Users/cesarriosusuga/.m2/repository/org/apache/commons/commons-compress/1.21/commons-compress-1.21.jar:/Users/cesarriosusuga/.m2/repository/org/bouncycastle/bcpkix-jdk15on/1.64/bcpkix-jdk15on-1.64.jar:/Users/cesarriosusuga/.m2/repository/org/bouncycastle/bcprov-jdk15on/1.64/bcprov-jdk15on-1.64.jar:/Users/cesarriosusuga/.m2/repository/org/slf4j/jcl-over-slf4j/1.7.30/jcl-over-slf4j-1.7.30.jar:/Users/cesarriosusuga/.m2/repository/com/github/docker-java/docker-java-transport-httpclient5/3.2.13/docker-java-transport-httpclient5-3.2.13.jar:/Users/cesarriosusuga/.m2/repository/com/github/docker-java/docker-java-transport/3.2.13/docker-java-transport-3.2.13.jar:/Users/cesarriosusuga/.m2/repository/net/java/dev/jna/jna/5.8.0/jna-5.8.0.jar:/Users/cesarriosusuga/.m2/repository/org/brotli/dec/0.1.2/dec-0.1.2.jar:/Users/cesarriosusuga/.m2/repository/org/apache/httpcomponents/client5/httpclient5/5.1.3/httpclient5-5.1.3.jar:/Users/cesarriosusuga/.m2/repository/org/apache/httpcomponents/core5/httpcore5/5.1.3/httpcore5-5.1.3.jar:/Users/cesarriosusuga/.m2/repository/org/apache/httpcomponents/core5/httpcore5-h2/5.1.3/httpcore5-h2-5.1.3.jar:/Users/cesarriosusuga/.m2/repository/com/jhlabs/filters/2.0.235/filters-2.0.235.jar:/Users/cesarriosusuga/.m2/repository/com/paulhammant/ngwebdriver/1.1.6/ngwebdriver-1.1.6.jar:/Users/cesarriosusuga/.m2/repository/joda-time/joda-time/2.8.2/joda-time-2.8.2.jar:/Users/cesarriosusuga/.m2/repository/org/hamcrest/hamcrest/2.2/hamcrest-2.2.jar:/Users/cesarriosusuga/.m2/repository/com/google/jimfs/jimfs/1.2/jimfs-1.2.jar:/Users/cesarriosusuga/.m2/repository/org/mockito/mockito-core/3.3.3/mockito-core-3.3.3.jar:/Users/cesarriosusuga/.m2/repository/javax/xml/bind/jaxb-api/2.3.1/jaxb-api-2.3.1.jar:/Users/cesarriosusuga/.m2/repository/javax/activation/javax.activation-api/1.2.0/javax.activation-api-1.2.0.jar:/Users/cesarriosusuga/.m2/repository/com/sun/xml/bind/jaxb-core/2.3.0.1/jaxb-core-2.3.0.1.jar:/Users/cesarriosusuga/.m2/repository/com/sun/xml/bind/jaxb-impl/2.3.3/jaxb-impl-2.3.3.jar:/Users/cesarriosusuga/.m2/repository/jakarta/xml/bind/jakarta.xml.bind-api/2.3.3/jakarta.xml.bind-api-2.3.3.jar:/Users/cesarriosusuga/.m2/repository/com/sun/activation/jakarta.activation/1.2.2/jakarta.activation-1.2.2.jar:/Users/cesarriosusuga/.m2/repository/javax/activation/activation/1.1.1/activation-1.1.1.jar:/Users/cesarriosusuga/.m2/repository/net/serenity-bdd/serenity-cucumber/3.4.2/serenity-cucumber-3.4.2.jar:/Users/cesarriosusuga/.m2/repository/io/cucumber/cucumber-core/7.8.1/cucumber-core-7.8.1.jar:/Users/cesarriosusuga/.m2/repository/io/cucumber/cucumber-gherkin/7.8.1/cucumber-gherkin-7.8.1.jar:/Users/cesarriosusuga/.m2/repository/io/cucumber/cucumber-gherkin-messages/7.8.1/cucumber-gherkin-messages-7.8.1.jar:/Users/cesarriosusuga/.m2/repository/io/cucumber/gherkin/24.0.0/gherkin-24.0.0.jar:/Users/cesarriosusuga/.m2/repository/io/cucumber/messages/19.1.4/messages-19.1.4.jar:/Users/cesarriosusuga/.m2/repository/io/cucumber/tag-expressions/4.1.0/tag-expressions-4.1.0.jar:/Users/cesarriosusuga/.m2/repository/io/cucumber/cucumber-expressions/16.0.0/cucumber-expressions-16.0.0.jar:/Users/cesarriosusuga/.m2/repository/io/cucumber/datatable/7.8.1/datatable-7.8.1.jar:/Users/cesarriosusuga/.m2/repository/io/cucumber/cucumber-plugin/7.8.1/cucumber-plugin-7.8.1.jar:/Users/cesarriosusuga/.m2/repository/io/cucumber/docstring/7.8.1/docstring-7.8.1.jar:/Users/cesarriosusuga/.m2/repository/io/cucumber/html-formatter/20.1.0/html-formatter-20.1.0.jar:/Users/cesarriosusuga/.m2/repository/io/cucumber/ci-environment/9.1.0/ci-environment-9.1.0.jar:/Users/cesarriosusuga/.m2/repository/io/cucumber/cucumber-java/7.8.1/cucumber-java-7.8.1.jar:/Users/cesarriosusuga/.m2/repository/io/cucumber/cucumber-junit/7.8.1/cucumber-junit-7.8.1.jar:/Users/cesarriosusuga/.m2/repository/org/apache/commons/commons-csv/1.5/commons-csv-1.5.jar:/Users/cesarriosusuga/.m2/repository/net/serenity-bdd/serenity-screenplay/3.4.2/serenity-screenplay-3.4.2.jar:/Users/cesarriosusuga/.m2/repository/net/serenity-bdd/serenity-screenplay-webdriver/3.4.2/serenity-screenplay-webdriver-3.4.2.jar:/Users/cesarriosusuga/.m2/repository/net/serenity-bdd/serenity-ensure/3.4.2/serenity-ensure-3.4.2.jar:/Users/cesarriosusuga/.m2/repository/net/serenity-bdd/serenity-junit/3.4.2/serenity-junit-3.4.2.jar:/Users/cesarriosusuga/.m2/repository/org/jetbrains/kotlin/kotlin-stdlib/1.7.20/kotlin-stdlib-1.7.20.jar:/Users/cesarriosusuga/.m2/repository/org/jetbrains/kotlin/kotlin-stdlib-common/1.7.20/kotlin-stdlib-common-1.7.20.jar:/Users/cesarriosusuga/.m2/repository/org/jetbrains/annotations/13.0/annotations-13.0.jar:/Users/cesarriosusuga/.m2/repository/org/junit/platform/junit-platform-launcher/1.8.2/junit-platform-launcher-1.8.2.jar:/Users/cesarriosusuga/.m2/repository/org/junit/platform/junit-platform-engine/1.8.2/junit-platform-engine-1.8.2.jar:/Users/cesarriosusuga/.m2/repository/org/opentest4j/opentest4j/1.2.0/opentest4j-1.2.0.jar:/Users/cesarriosusuga/.m2/repository/org/junit/platform/junit-platform-commons/1.8.2/junit-platform-commons-1.8.2.jar:/Users/cesarriosusuga/.m2/repository/org/apiguardian/apiguardian-api/1.1.2/apiguardian-api-1.1.2.jar:/Users/cesarriosusuga/.m2/repository/org/junit/jupiter/junit-jupiter-engine/5.8.2/junit-jupiter-engine-5.8.2.jar:/Users/cesarriosusuga/.m2/repository/org/junit/jupiter/junit-jupiter-api/5.8.2/junit-jupiter-api-5.8.2.jar:/Users/cesarriosusuga/.m2/repository/org/junit/vintage/junit-vintage-engine/5.8.2/junit-vintage-engine-5.8.2.jar:/Users/cesarriosusuga/.m2/repository/junit/junit/4.13.2/junit-4.13.2.jar:/Users/cesarriosusuga/.m2/repository/org/hamcrest/hamcrest-core/1.3/hamcrest-core-1.3.jar:/Users/cesarriosusuga/.m2/repository/ch/qos/logback/logback-classic/1.2.10/logback-classic-1.2.10.jar:/Users/cesarriosusuga/.m2/repository/ch/qos/logback/logback-core/1.2.10/logback-core-1.2.10.jar:/Users/cesarriosusuga/.m2/repository/org/slf4j/slf4j-api/1.7.32/slf4j-api-1.7.32.jar:/Users/cesarriosusuga/.m2/repository/org/assertj/assertj-core/3.23.1/assertj-core-3.23.1.jar:/Users/cesarriosusuga/.m2/repository/net/bytebuddy/byte-buddy/1.12.10/byte-buddy-1.12.10.jar:"/>
    <property name="java.vm.vendor" value="Homebrew"/>
    <property name="sun.arch.data.model" value="64"/>
    <property name="java.vendor.url" value="https://github.com/Homebrew/homebrew-core/issues"/>
    <property name="user.timezone" value="America/Bogota"/>
    <property name="log4j2.formatMsgNoLookups" value="true"/>
    <property name="os.name" value="Mac OS X"/>
    <property name="java.vm.specification.version" value="18"/>
    <property name="sun.java.launcher" value="SUN_STANDARD"/>
    <property name="user.country" value="CO"/>
    <property name="sun.boot.library.path" value="/opt/homebrew/Cellar/openjdk/18.0.2.1/libexec/openjdk.jdk/Contents/Home/lib"/>
    <property name="sun.java.command" value="org.apache.maven.surefire.booter.ForkedBooter /Users/cesarriosusuga/Desktop/Prueba-tecnica/target/surefire 2022-12-01T02-23-25_846-jvmRun1 surefire6284429855223083982tmp surefire_017714497092427076720tmp"/>
    <property name="http.nonProxyHosts" value="local|*.local|169.254/16|*.169.254/16"/>
    <property name="jdk.debug" value="release"/>
    <property name="surefire.test.class.path" value="/Users/cesarriosusuga/Desktop/Prueba-tecnica/target/test-classes:/Users/cesarriosusuga/.m2/repository/net/serenity-bdd/serenity-core/3.4.2/serenity-core-3.4.2.jar:/Users/cesarriosusuga/.m2/repository/net/serenity-bdd/serenity-model/3.4.2/serenity-model-3.4.2.jar:/Users/cesarriosusuga/.m2/repository/org/apache/commons/commons-text/1.10.0/commons-text-1.10.0.jar:/Users/cesarriosusuga/.m2/repository/commons-net/commons-net/3.8.0/commons-net-3.8.0.jar:/Users/cesarriosusuga/.m2/repository/com/google/guava/guava/31.1-jre/guava-31.1-jre.jar:/Users/cesarriosusuga/.m2/repository/com/google/guava/failureaccess/1.0.1/failureaccess-1.0.1.jar:/Users/cesarriosusuga/.m2/repository/com/google/guava/listenablefuture/9999.0-empty-to-avoid-conflict-with-guava/listenablefuture-9999.0-empty-to-avoid-conflict-with-guava.jar:/Users/cesarriosusuga/.m2/repository/com/google/code/findbugs/jsr305/3.0.2/jsr305-3.0.2.jar:/Users/cesarriosusuga/.m2/repository/org/checkerframework/checker-qual/3.12.0/checker-qual-3.12.0.jar:/Users/cesarriosusuga/.m2/repository/com/google/errorprone/error_prone_annotations/2.11.0/error_prone_annotations-2.11.0.jar:/Users/cesarriosusuga/.m2/repository/com/google/j2objc/j2objc-annotations/1.3/j2objc-annotations-1.3.jar:/Users/cesarriosusuga/.m2/repository/com/google/inject/guice/5.1.0/guice-5.1.0.jar:/Users/cesarriosusuga/.m2/repository/javax/inject/javax.inject/1/javax.inject-1.jar:/Users/cesarriosusuga/.m2/repository/aopalliance/aopalliance/1.0/aopalliance-1.0.jar:/Users/cesarriosusuga/.m2/repository/org/jsoup/jsoup/1.14.3/jsoup-1.14.3.jar:/Users/cesarriosusuga/.m2/repository/com/thoughtworks/xstream/xstream/1.4.19/xstream-1.4.19.jar:/Users/cesarriosusuga/.m2/repository/io/github/x-stream/mxparser/1.2.2/mxparser-1.2.2.jar:/Users/cesarriosusuga/.m2/repository/xmlpull/xmlpull/1.1.3.1/xmlpull-1.1.3.1.jar:/Users/cesarriosusuga/.m2/repository/com/typesafe/config/1.4.2/config-1.4.2.jar:/Users/cesarriosusuga/.m2/repository/org/imgscalr/imgscalr-lib/4.2/imgscalr-lib-4.2.jar:/Users/cesarriosusuga/.m2/repository/org/awaitility/awaitility/4.2.0/awaitility-4.2.0.jar:/Users/cesarriosusuga/.m2/repository/org/freemarker/freemarker/2.3.31/freemarker-2.3.31.jar:/Users/cesarriosusuga/.m2/repository/io/github/classgraph/classgraph/4.8.138/classgraph-4.8.138.jar:/Users/cesarriosusuga/.m2/repository/net/sourceforge/jexcelapi/jxl/2.6.12/jxl-2.6.12.jar:/Users/cesarriosusuga/.m2/repository/net/bytebuddy/byte-buddy-agent/1.12.18/byte-buddy-agent-1.12.18.jar:/Users/cesarriosusuga/.m2/repository/org/objenesis/objenesis/3.1/objenesis-3.1.jar:/Users/cesarriosusuga/.m2/repository/net/serenity-bdd/serenity-reports/3.4.2/serenity-reports-3.4.2.jar:/Users/cesarriosusuga/.m2/repository/net/serenity-bdd/serenity-stats/3.4.2/serenity-stats-3.4.2.jar:/Users/cesarriosusuga/.m2/repository/net/serenity-bdd/serenity-reports-configuration/3.4.2/serenity-reports-configuration-3.4.2.jar:/Users/cesarriosusuga/.m2/repository/com/vladsch/flexmark/flexmark-all/0.34.30/flexmark-all-0.34.30.jar:/Users/cesarriosusuga/.m2/repository/com/vladsch/flexmark/flexmark/0.34.30/flexmark-0.34.30.jar:/Users/cesarriosusuga/.m2/repository/com/vladsch/flexmark/flexmark-ext-abbreviation/0.34.30/flexmark-ext-abbreviation-0.34.30.jar:/Users/cesarriosusuga/.m2/repository/com/vladsch/flexmark/flexmark-ext-admonition/0.34.30/flexmark-ext-admonition-0.34.30.jar:/Users/cesarriosusuga/.m2/repository/com/vladsch/flexmark/flexmark-ext-anchorlink/0.34.30/flexmark-ext-anchorlink-0.34.30.jar:/Users/cesarriosusuga/.m2/repository/com/vladsch/flexmark/flexmark-ext-aside/0.34.30/flexmark-ext-aside-0.34.30.jar:/Users/cesarriosusuga/.m2/repository/com/vladsch/flexmark/flexmark-ext-attributes/0.34.30/flexmark-ext-attributes-0.34.30.jar:/Users/cesarriosusuga/.m2/repository/com/vladsch/flexmark/flexmark-ext-autolink/0.34.30/flexmark-ext-autolink-0.34.30.jar:/Users/cesarriosusuga/.m2/repository/org/nibor/autolink/autolink/0.6.0/autolink-0.6.0.jar:/Users/cesarriosusuga/.m2/repository/com/vladsch/flexmark/flexmark-ext-definition/0.34.30/flexmark-ext-definition-0.34.30.jar:/Users/cesarriosusuga/.m2/repository/com/vladsch/flexmark/flexmark-ext-emoji/0.34.30/flexmark-ext-emoji-0.34.30.jar:/Users/cesarriosusuga/.m2/repository/com/vladsch/flexmark/flexmark-ext-enumerated-reference/0.34.30/flexmark-ext-enumerated-reference-0.34.30.jar:/Users/cesarriosusuga/.m2/repository/com/vladsch/flexmark/flexmark-ext-escaped-character/0.34.30/flexmark-ext-escaped-character-0.34.30.jar:/Users/cesarriosusuga/.m2/repository/com/vladsch/flexmark/flexmark-ext-footnotes/0.34.30/flexmark-ext-footnotes-0.34.30.jar:/Users/cesarriosusuga/.m2/repository/com/vladsch/flexmark/flexmark-ext-gfm-issues/0.34.30/flexmark-ext-gfm-issues-0.34.30.jar:/Users/cesarriosusuga/.m2/repository/com/vladsch/flexmark/flexmark-ext-gfm-strikethrough/0.34.30/flexmark-ext-gfm-strikethrough-0.34.30.jar:/Users/cesarriosusuga/.m2/repository/com/vladsch/flexmark/flexmark-ext-gfm-tables/0.34.30/flexmark-ext-gfm-tables-0.34.30.jar:/Users/cesarriosusuga/.m2/repository/com/vladsch/flexmark/flexmark-ext-gfm-tasklist/0.34.30/flexmark-ext-gfm-tasklist-0.34.30.jar:/Users/cesarriosusuga/.m2/repository/com/vladsch/flexmark/flexmark-ext-gfm-users/0.34.30/flexmark-ext-gfm-users-0.34.30.jar:/Users/cesarriosusuga/.m2/repository/com/vladsch/flexmark/flexmark-ext-gitlab/0.34.30/flexmark-ext-gitlab-0.34.30.jar:/Users/cesarriosusuga/.m2/repository/com/vladsch/flexmark/flexmark-ext-jekyll-front-matter/0.34.30/flexmark-ext-jekyll-front-matter-0.34.30.jar:/Users/cesarriosusuga/.m2/repository/com/vladsch/flexmark/flexmark-ext-jekyll-tag/0.34.30/flexmark-ext-jekyll-tag-0.34.30.jar:/Users/cesarriosusuga/.m2/repository/com/vladsch/flexmark/flexmark-ext-media-tags/0.34.30/flexmark-ext-media-tags-0.34.30.jar:/Users/cesarriosusuga/.m2/repository/com/vladsch/flexmark/flexmark-test-util/0.34.30/flexmark-test-util-0.34.30.jar:/Users/cesarriosusuga/.m2/repository/com/vladsch/flexmark/flexmark-ext-ins/0.34.30/flexmark-ext-ins-0.34.30.jar:/Users/cesarriosusuga/.m2/repository/com/vladsch/flexmark/flexmark-ext-xwiki-macros/0.34.30/flexmark-ext-xwiki-macros-0.34.30.jar:/Users/cesarriosusuga/.m2/repository/com/vladsch/flexmark/flexmark-ext-superscript/0.34.30/flexmark-ext-superscript-0.34.30.jar:/Users/cesarriosusuga/.m2/repository/com/vladsch/flexmark/flexmark-ext-tables/0.34.30/flexmark-ext-tables-0.34.30.jar:/Users/cesarriosusuga/.m2/repository/com/vladsch/flexmark/flexmark-ext-toc/0.34.30/flexmark-ext-toc-0.34.30.jar:/Users/cesarriosusuga/.m2/repository/com/vladsch/flexmark/flexmark-ext-typographic/0.34.30/flexmark-ext-typographic-0.34.30.jar:/Users/cesarriosusuga/.m2/repository/com/vladsch/flexmark/flexmark-ext-wikilink/0.34.30/flexmark-ext-wikilink-0.34.30.jar:/Users/cesarriosusuga/.m2/repository/com/vladsch/flexmark/flexmark-ext-yaml-front-matter/0.34.30/flexmark-ext-yaml-front-matter-0.34.30.jar:/Users/cesarriosusuga/.m2/repository/com/vladsch/flexmark/flexmark-ext-youtube-embedded/0.34.30/flexmark-ext-youtube-embedded-0.34.30.jar:/Users/cesarriosusuga/.m2/repository/com/vladsch/flexmark/flexmark-formatter/0.34.30/flexmark-formatter-0.34.30.jar:/Users/cesarriosusuga/.m2/repository/com/vladsch/flexmark/flexmark-html-parser/0.34.30/flexmark-html-parser-0.34.30.jar:/Users/cesarriosusuga/.m2/repository/com/vladsch/flexmark/flexmark-jira-converter/0.34.30/flexmark-jira-converter-0.34.30.jar:/Users/cesarriosusuga/.m2/repository/com/vladsch/flexmark/flexmark-pdf-converter/0.34.30/flexmark-pdf-converter-0.34.30.jar:/Users/cesarriosusuga/.m2/repository/com/openhtmltopdf/openhtmltopdf-core/0.0.1-RC13/openhtmltopdf-core-0.0.1-RC13.jar:/Users/cesarriosusuga/.m2/repository/com/openhtmltopdf/openhtmltopdf-pdfbox/0.0.1-RC13/openhtmltopdf-pdfbox-0.0.1-RC13.jar:/Users/cesarriosusuga/.m2/repository/org/apache/pdfbox/pdfbox/2.0.8/pdfbox-2.0.8.jar:/Users/cesarriosusuga/.m2/repository/org/apache/pdfbox/fontbox/2.0.8/fontbox-2.0.8.jar:/Users/cesarriosusuga/.m2/repository/org/apache/pdfbox/xmpbox/2.0.8/xmpbox-2.0.8.jar:/Users/cesarriosusuga/.m2/repository/de/rototor/pdfbox/graphics2d/0.12/graphics2d-0.12.jar:/Users/cesarriosusuga/.m2/repository/com/openhtmltopdf/openhtmltopdf-rtl-support/0.0.1-RC13/openhtmltopdf-rtl-support-0.0.1-RC13.jar:/Users/cesarriosusuga/.m2/repository/com/ibm/icu/icu4j/59.1/icu4j-59.1.jar:/Users/cesarriosusuga/.m2/repository/com/openhtmltopdf/openhtmltopdf-jsoup-dom-converter/0.0.1-RC13/openhtmltopdf-jsoup-dom-converter-0.0.1-RC13.jar:/Users/cesarriosusuga/.m2/repository/com/vladsch/flexmark/flexmark-profile-pegdown/0.34.30/flexmark-profile-pegdown-0.34.30.jar:/Users/cesarriosusuga/.m2/repository/com/vladsch/flexmark/flexmark-util/0.34.30/flexmark-util-0.34.30.jar:/Users/cesarriosusuga/.m2/repository/com/vladsch/flexmark/flexmark-youtrack-converter/0.34.30/flexmark-youtrack-converter-0.34.30.jar:/Users/cesarriosusuga/.m2/repository/es/nitaur/markdown/txtmark/0.16/txtmark-0.16.jar:/Users/cesarriosusuga/.m2/repository/net/serenity-bdd/serenity-report-resources/3.4.2/serenity-report-resources-3.4.2.jar:/Users/cesarriosusuga/.m2/repository/com/google/code/gson/gson/2.9.0/gson-2.9.0.jar:/Users/cesarriosusuga/.m2/repository/com/fasterxml/jackson/core/jackson-core/2.13.4/jackson-core-2.13.4.jar:/Users/cesarriosusuga/.m2/repository/com/fasterxml/jackson/core/jackson-databind/2.13.4/jackson-databind-2.13.4.jar:/Users/cesarriosusuga/.m2/repository/com/fasterxml/jackson/core/jackson-annotations/2.13.4/jackson-annotations-2.13.4.jar:/Users/cesarriosusuga/.m2/repository/commons-codec/commons-codec/1.15/commons-codec-1.15.jar:/Users/cesarriosusuga/.m2/repository/commons-io/commons-io/2.11.0/commons-io-2.11.0.jar:/Users/cesarriosusuga/.m2/repository/org/apache/httpcomponents/httpclient/4.5.13/httpclient-4.5.13.jar:/Users/cesarriosusuga/.m2/repository/org/apache/httpcomponents/httpcore/4.4.13/httpcore-4.4.13.jar:/Users/cesarriosusuga/.m2/repository/commons-logging/commons-logging/1.2/commons-logging-1.2.jar:/Users/cesarriosusuga/.m2/repository/org/seleniumhq/selenium/selenium-java/4.6.0/selenium-java-4.6.0.jar:/Users/cesarriosusuga/.m2/repository/org/seleniumhq/selenium/selenium-devtools-v105/4.6.0/selenium-devtools-v105-4.6.0.jar:/Users/cesarriosusuga/.m2/repository/org/seleniumhq/selenium/selenium-devtools-v106/4.6.0/selenium-devtools-v106-4.6.0.jar:/Users/cesarriosusuga/.m2/repository/org/seleniumhq/selenium/selenium-devtools-v107/4.6.0/selenium-devtools-v107-4.6.0.jar:/Users/cesarriosusuga/.m2/repository/org/seleniumhq/selenium/selenium-devtools-v85/4.6.0/selenium-devtools-v85-4.6.0.jar:/Users/cesarriosusuga/.m2/repository/org/seleniumhq/selenium/selenium-remote-driver/4.6.0/selenium-remote-driver-4.6.0.jar:/Users/cesarriosusuga/.m2/repository/com/beust/jcommander/1.82/jcommander-1.82.jar:/Users/cesarriosusuga/.m2/repository/io/netty/netty-buffer/4.1.84.Final/netty-buffer-4.1.84.Final.jar:/Users/cesarriosusuga/.m2/repository/io/netty/netty-codec-http/4.1.84.Final/netty-codec-http-4.1.84.Final.jar:/Users/cesarriosusuga/.m2/repository/io/netty/netty-codec/4.1.84.Final/netty-codec-4.1.84.Final.jar:/Users/cesarriosusuga/.m2/repository/io/netty/netty-handler/4.1.84.Final/netty-handler-4.1.84.Final.jar:/Users/cesarriosusuga/.m2/repository/io/netty/netty-common/4.1.84.Final/netty-common-4.1.84.Final.jar:/Users/cesarriosusuga/.m2/repository/io/netty/netty-transport-classes-epoll/4.1.84.Final/netty-transport-classes-epoll-4.1.84.Final.jar:/Users/cesarriosusuga/.m2/repository/io/netty/netty-transport-classes-kqueue/4.1.84.Final/netty-transport-classes-kqueue-4.1.84.Final.jar:/Users/cesarriosusuga/.m2/repository/io/netty/netty-transport-native-epoll/4.1.84.Final/netty-transport-native-epoll-4.1.84.Final.jar:/Users/cesarriosusuga/.m2/repository/io/netty/netty-transport-native-kqueue/4.1.84.Final/netty-transport-native-kqueue-4.1.84.Final.jar:/Users/cesarriosusuga/.m2/repository/io/netty/netty-transport-native-unix-common/4.1.84.Final/netty-transport-native-unix-common-4.1.84.Final.jar:/Users/cesarriosusuga/.m2/repository/io/netty/netty-transport/4.1.84.Final/netty-transport-4.1.84.Final.jar:/Users/cesarriosusuga/.m2/repository/io/netty/netty-resolver/4.1.84.Final/netty-resolver-4.1.84.Final.jar:/Users/cesarriosusuga/.m2/repository/io/opentelemetry/opentelemetry-api/1.19.0/opentelemetry-api-1.19.0.jar:/Users/cesarriosusuga/.m2/repository/io/opentelemetry/opentelemetry-context/1.19.0/opentelemetry-context-1.19.0.jar:/Users/cesarriosusuga/.m2/repository/io/opentelemetry/opentelemetry-exporter-logging/1.19.0/opentelemetry-exporter-logging-1.19.0.jar:/Users/cesarriosusuga/.m2/repository/io/opentelemetry/opentelemetry-sdk-metrics/1.19.0/opentelemetry-sdk-metrics-1.19.0.jar:/Users/cesarriosusuga/.m2/repository/io/opentelemetry/opentelemetry-sdk-logs/1.19.0-alpha/opentelemetry-sdk-logs-1.19.0-alpha.jar:/Users/cesarriosusuga/.m2/repository/io/opentelemetry/opentelemetry-api-logs/1.19.0-alpha/opentelemetry-api-logs-1.19.0-alpha.jar:/Users/cesarriosusuga/.m2/repository/io/opentelemetry/opentelemetry-sdk-common/1.19.0/opentelemetry-sdk-common-1.19.0.jar:/Users/cesarriosusuga/.m2/repository/io/opentelemetry/opentelemetry-sdk-extension-autoconfigure-spi/1.19.0/opentelemetry-sdk-extension-autoconfigure-spi-1.19.0.jar:/Users/cesarriosusuga/.m2/repository/io/opentelemetry/opentelemetry-sdk-extension-autoconfigure/1.19.0-alpha/opentelemetry-sdk-extension-autoconfigure-1.19.0-alpha.jar:/Users/cesarriosusuga/.m2/repository/io/opentelemetry/opentelemetry-exporter-common/1.19.0/opentelemetry-exporter-common-1.19.0.jar:/Users/cesarriosusuga/.m2/repository/io/opentelemetry/opentelemetry-sdk-trace/1.19.0/opentelemetry-sdk-trace-1.19.0.jar:/Users/cesarriosusuga/.m2/repository/io/opentelemetry/opentelemetry-sdk/1.19.0/opentelemetry-sdk-1.19.0.jar:/Users/cesarriosusuga/.m2/repository/io/opentelemetry/opentelemetry-semconv/1.19.0-alpha/opentelemetry-semconv-1.19.0-alpha.jar:/Users/cesarriosusuga/.m2/repository/io/ous/jtoml/2.0.0/jtoml-2.0.0.jar:/Users/cesarriosusuga/.m2/repository/org/apache/commons/commons-exec/1.3/commons-exec-1.3.jar:/Users/cesarriosusuga/.m2/repository/org/asynchttpclient/async-http-client/2.12.3/async-http-client-2.12.3.jar:/Users/cesarriosusuga/.m2/repository/org/asynchttpclient/async-http-client-netty-utils/2.12.3/async-http-client-netty-utils-2.12.3.jar:/Users/cesarriosusuga/.m2/repository/io/netty/netty-codec-socks/4.1.60.Final/netty-codec-socks-4.1.60.Final.jar:/Users/cesarriosusuga/.m2/repository/io/netty/netty-handler-proxy/4.1.60.Final/netty-handler-proxy-4.1.60.Final.jar:/Users/cesarriosusuga/.m2/repository/io/netty/netty-transport-native-epoll/4.1.60.Final/netty-transport-native-epoll-4.1.60.Final-linux-x86_64.jar:/Users/cesarriosusuga/.m2/repository/io/netty/netty-transport-native-kqueue/4.1.60.Final/netty-transport-native-kqueue-4.1.60.Final-osx-x86_64.jar:/Users/cesarriosusuga/.m2/repository/org/reactivestreams/reactive-streams/1.0.3/reactive-streams-1.0.3.jar:/Users/cesarriosusuga/.m2/repository/com/typesafe/netty/netty-reactive-streams/2.0.4/netty-reactive-streams-2.0.4.jar:/Users/cesarriosusuga/.m2/repository/org/seleniumhq/selenium/selenium-http/4.6.0/selenium-http-4.6.0.jar:/Users/cesarriosusuga/.m2/repository/dev/failsafe/failsafe/3.3.0/failsafe-3.3.0.jar:/Users/cesarriosusuga/.m2/repository/org/seleniumhq/selenium/selenium-manager/4.6.0/selenium-manager-4.6.0.jar:/Users/cesarriosusuga/.m2/repository/org/seleniumhq/selenium/selenium-safari-driver/4.6.0/selenium-safari-driver-4.6.0.jar:/Users/cesarriosusuga/.m2/repository/org/seleniumhq/selenium/selenium-api/4.6.0/selenium-api-4.6.0.jar:/Users/cesarriosusuga/.m2/repository/org/seleniumhq/selenium/selenium-support/4.6.0/selenium-support-4.6.0.jar:/Users/cesarriosusuga/.m2/repository/com/google/auto/service/auto-service-annotations/1.0.1/auto-service-annotations-1.0.1.jar:/Users/cesarriosusuga/.m2/repository/com/google/auto/service/auto-service/1.0.1/auto-service-1.0.1.jar:/Users/cesarriosusuga/.m2/repository/com/google/auto/auto-common/1.2/auto-common-1.2.jar:/Users/cesarriosusuga/.m2/repository/org/seleniumhq/selenium/selenium-json/4.6.0/selenium-json-4.6.0.jar:/Users/cesarriosusuga/.m2/repository/org/seleniumhq/selenium/selenium-chrome-driver/4.6.0/selenium-chrome-driver-4.6.0.jar:/Users/cesarriosusuga/.m2/repository/org/seleniumhq/selenium/selenium-chromium-driver/4.6.0/selenium-chromium-driver-4.6.0.jar:/Users/cesarriosusuga/.m2/repository/org/seleniumhq/selenium/selenium-firefox-driver/4.6.0/selenium-firefox-driver-4.6.0.jar:/Users/cesarriosusuga/.m2/repository/org/seleniumhq/selenium/selenium-edge-driver/4.6.0/selenium-edge-driver-4.6.0.jar:/Users/cesarriosusuga/.m2/repository/org/seleniumhq/selenium/selenium-ie-driver/4.6.0/selenium-ie-driver-4.6.0.jar:/Users/cesarriosusuga/.m2/repository/org/projectlombok/lombok/1.18.20/lombok-1.18.20.jar:/Users/cesarriosusuga/.m2/repository/io/appium/java-client/8.2.0/java-client-8.2.0.jar:/Users/cesarriosusuga/.m2/repository/commons-validator/commons-validator/1.7/commons-validator-1.7.jar:/Users/cesarriosusuga/.m2/repository/commons-digester/commons-digester/2.1/commons-digester-2.1.jar:/Users/cesarriosusuga/.m2/repository/org/apache/groovy/groovy/4.0.6/groovy-4.0.6.jar:/Users/cesarriosusuga/.m2/repository/net/sf/opencsv/opencsv/2.0/opencsv-2.0.jar:/Users/cesarriosusuga/.m2/repository/commons-beanutils/commons-beanutils/1.9.4/commons-beanutils-1.9.4.jar:/Users/cesarriosusuga/.m2/repository/org/apache/commons/commons-lang3/3.12.0/commons-lang3-3.12.0.jar:/Users/cesarriosusuga/.m2/repository/commons-collections/commons-collections/3.2.2/commons-collections-3.2.2.jar:/Users/cesarriosusuga/.m2/repository/org/fluentlenium/fluentlenium-core/0.10.2/fluentlenium-core-0.10.2.jar:/Users/cesarriosusuga/.m2/repository/io/github/bonigarcia/webdrivermanager/5.3.0/webdrivermanager-5.3.0.jar:/Users/cesarriosusuga/.m2/repository/com/github/docker-java/docker-java/3.2.13/docker-java-3.2.13.jar:/Users/cesarriosusuga/.m2/repository/com/github/docker-java/docker-java-core/3.2.13/docker-java-core-3.2.13.jar:/Users/cesarriosusuga/.m2/repository/com/github/docker-java/docker-java-api/3.2.13/docker-java-api-3.2.13.jar:/Users/cesarriosusuga/.m2/repository/org/apache/commons/commons-compress/1.21/commons-compress-1.21.jar:/Users/cesarriosusuga/.m2/repository/org/bouncycastle/bcpkix-jdk15on/1.64/bcpkix-jdk15on-1.64.jar:/Users/cesarriosusuga/.m2/repository/org/bouncycastle/bcprov-jdk15on/1.64/bcprov-jdk15on-1.64.jar:/Users/cesarriosusuga/.m2/repository/org/slf4j/jcl-over-slf4j/1.7.30/jcl-over-slf4j-1.7.30.jar:/Users/cesarriosusuga/.m2/repository/com/github/docker-java/docker-java-transport-httpclient5/3.2.13/docker-java-transport-httpclient5-3.2.13.jar:/Users/cesarriosusuga/.m2/repository/com/github/docker-java/docker-java-transport/3.2.13/docker-java-transport-3.2.13.jar:/Users/cesarriosusuga/.m2/repository/net/java/dev/jna/jna/5.8.0/jna-5.8.0.jar:/Users/cesarriosusuga/.m2/repository/org/brotli/dec/0.1.2/dec-0.1.2.jar:/Users/cesarriosusuga/.m2/repository/org/apache/httpcomponents/client5/httpclient5/5.1.3/httpclient5-5.1.3.jar:/Users/cesarriosusuga/.m2/repository/org/apache/httpcomponents/core5/httpcore5/5.1.3/httpcore5-5.1.3.jar:/Users/cesarriosusuga/.m2/repository/org/apache/httpcomponents/core5/httpcore5-h2/5.1.3/httpcore5-h2-5.1.3.jar:/Users/cesarriosusuga/.m2/repository/com/jhlabs/filters/2.0.235/filters-2.0.235.jar:/Users/cesarriosusuga/.m2/repository/com/paulhammant/ngwebdriver/1.1.6/ngwebdriver-1.1.6.jar:/Users/cesarriosusuga/.m2/repository/joda-time/joda-time/2.8.2/joda-time-2.8.2.jar:/Users/cesarriosusuga/.m2/repository/org/hamcrest/hamcrest/2.2/hamcrest-2.2.jar:/Users/cesarriosusuga/.m2/repository/com/google/jimfs/jimfs/1.2/jimfs-1.2.jar:/Users/cesarriosusuga/.m2/repository/org/mockito/mockito-core/3.3.3/mockito-core-3.3.3.jar:/Users/cesarriosusuga/.m2/repository/javax/xml/bind/jaxb-api/2.3.1/jaxb-api-2.3.1.jar:/Users/cesarriosusuga/.m2/repository/javax/activation/javax.activation-api/1.2.0/javax.activation-api-1.2.0.jar:/Users/cesarriosusuga/.m2/repository/com/sun/xml/bind/jaxb-core/2.3.0.1/jaxb-core-2.3.0.1.jar:/Users/cesarriosusuga/.m2/repository/com/sun/xml/bind/jaxb-impl/2.3.3/jaxb-impl-2.3.3.jar:/Users/cesarriosusuga/.m2/repository/jakarta/xml/bind/jakarta.xml.bind-api/2.3.3/jakarta.xml.bind-api-2.3.3.jar:/Users/cesarriosusuga/.m2/repository/com/sun/activation/jakarta.activation/1.2.2/jakarta.activation-1.2.2.jar:/Users/cesarriosusuga/.m2/repository/javax/activation/activation/1.1.1/activation-1.1.1.jar:/Users/cesarriosusuga/.m2/repository/net/serenity-bdd/serenity-cucumber/3.4.2/serenity-cucumber-3.4.2.jar:/Users/cesarriosusuga/.m2/repository/io/cucumber/cucumber-core/7.8.1/cucumber-core-7.8.1.jar:/Users/cesarriosusuga/.m2/repository/io/cucumber/cucumber-gherkin/7.8.1/cucumber-gherkin-7.8.1.jar:/Users/cesarriosusuga/.m2/repository/io/cucumber/cucumber-gherkin-messages/7.8.1/cucumber-gherkin-messages-7.8.1.jar:/Users/cesarriosusuga/.m2/repository/io/cucumber/gherkin/24.0.0/gherkin-24.0.0.jar:/Users/cesarriosusuga/.m2/repository/io/cucumber/messages/19.1.4/messages-19.1.4.jar:/Users/cesarriosusuga/.m2/repository/io/cucumber/tag-expressions/4.1.0/tag-expressions-4.1.0.jar:/Users/cesarriosusuga/.m2/repository/io/cucumber/cucumber-expressions/16.0.0/cucumber-expressions-16.0.0.jar:/Users/cesarriosusuga/.m2/repository/io/cucumber/datatable/7.8.1/datatable-7.8.1.jar:/Users/cesarriosusuga/.m2/repository/io/cucumber/cucumber-plugin/7.8.1/cucumber-plugin-7.8.1.jar:/Users/cesarriosusuga/.m2/repository/io/cucumber/docstring/7.8.1/docstring-7.8.1.jar:/Users/cesarriosusuga/.m2/repository/io/cucumber/html-formatter/20.1.0/html-formatter-20.1.0.jar:/Users/cesarriosusuga/.m2/repository/io/cucumber/ci-environment/9.1.0/ci-environment-9.1.0.jar:/Users/cesarriosusuga/.m2/repository/io/cucumber/cucumber-java/7.8.1/cucumber-java-7.8.1.jar:/Users/cesarriosusuga/.m2/repository/io/cucumber/cucumber-junit/7.8.1/cucumber-junit-7.8.1.jar:/Users/cesarriosusuga/.m2/repository/org/apache/commons/commons-csv/1.5/commons-csv-1.5.jar:/Users/cesarriosusuga/.m2/repository/net/serenity-bdd/serenity-screenplay/3.4.2/serenity-screenplay-3.4.2.jar:/Users/cesarriosusuga/.m2/repository/net/serenity-bdd/serenity-screenplay-webdriver/3.4.2/serenity-screenplay-webdriver-3.4.2.jar:/Users/cesarriosusuga/.m2/repository/net/serenity-bdd/serenity-ensure/3.4.2/serenity-ensure-3.4.2.jar:/Users/cesarriosusuga/.m2/repository/net/serenity-bdd/serenity-junit/3.4.2/serenity-junit-3.4.2.jar:/Users/cesarriosusuga/.m2/repository/org/jetbrains/kotlin/kotlin-stdlib/1.7.20/kotlin-stdlib-1.7.20.jar:/Users/cesarriosusuga/.m2/repository/org/jetbrains/kotlin/kotlin-stdlib-common/1.7.20/kotlin-stdlib-common-1.7.20.jar:/Users/cesarriosusuga/.m2/repository/org/jetbrains/annotations/13.0/annotations-13.0.jar:/Users/cesarriosusuga/.m2/repository/org/junit/platform/junit-platform-launcher/1.8.2/junit-platform-launcher-1.8.2.jar:/Users/cesarriosusuga/.m2/repository/org/junit/platform/junit-platform-engine/1.8.2/junit-platform-engine-1.8.2.jar:/Users/cesarriosusuga/.m2/repository/org/opentest4j/opentest4j/1.2.0/opentest4j-1.2.0.jar:/Users/cesarriosusuga/.m2/repository/org/junit/platform/junit-platform-commons/1.8.2/junit-platform-commons-1.8.2.jar:/Users/cesarriosusuga/.m2/repository/org/apiguardian/apiguardian-api/1.1.2/apiguardian-api-1.1.2.jar:/Users/cesarriosusuga/.m2/repository/org/junit/jupiter/junit-jupiter-engine/5.8.2/junit-jupiter-engine-5.8.2.jar:/Users/cesarriosusuga/.m2/repository/org/junit/jupiter/junit-jupiter-api/5.8.2/junit-jupiter-api-5.8.2.jar:/Users/cesarriosusuga/.m2/repository/org/junit/vintage/junit-vintage-engine/5.8.2/junit-vintage-engine-5.8.2.jar:/Users/cesarriosusuga/.m2/repository/junit/junit/4.13.2/junit-4.13.2.jar:/Users/cesarriosusuga/.m2/repository/org/hamcrest/hamcrest-core/1.3/hamcrest-core-1.3.jar:/Users/cesarriosusuga/.m2/repository/ch/qos/logback/logback-classic/1.2.10/logback-classic-1.2.10.jar:/Users/cesarriosusuga/.m2/repository/ch/qos/logback/logback-core/1.2.10/logback-core-1.2.10.jar:/Users/cesarriosusuga/.m2/repository/org/slf4j/slf4j-api/1.7.32/slf4j-api-1.7.32.jar:/Users/cesarriosusuga/.m2/repository/org/assertj/assertj-core/3.23.1/assertj-core-3.23.1.jar:/Users/cesarriosusuga/.m2/repository/net/bytebuddy/byte-buddy/1.12.10/byte-buddy-1.12.10.jar:"/>
    <property name="sun.cpu.endian" value="little"/>
    <property name="user.home" value="/Users/cesarriosusuga"/>
    <property name="user.language" value="en"/>
    <property name="java.specification.vendor" value="Oracle Corporation"/>
    <property name="jdk.module.path" value="/Users/cesarriosusuga/Desktop/Prueba-tecnica/target/cucumber-starter-1.0.0-SNAPSHOT.jar"/>
    <property name="java.version.date" value="2022-08-18"/>
    <property name="java.home" value="/opt/homebrew/Cellar/openjdk/18.0.2.1/libexec/openjdk.jdk/Contents/Home"/>
    <property name="file.separator" value="/"/>
    <property name="basedir" value="/Users/cesarriosusuga/Desktop/Prueba-tecnica"/>
    <property name="java.vm.compressedOopsMode" value="Zero based"/>
    <property name="line.separator" value="&#10;"/>
    <property name="java.vm.specification.vendor" value="Oracle Corporation"/>
    <property name="java.specification.name" value="Java Platform API Specification"/>
    <property name="apple.awt.application.name" value="ForkedBooter"/>
    <property name="surefire.real.class.path" value="/Users/cesarriosusuga/.m2/repository/org/apache/maven/surefire/surefire-booter/3.0.0-M5/surefire-booter-3.0.0-M5.jar:/Users/cesarriosusuga/.m2/repository/org/apache/maven/surefire/surefire-api/3.0.0-M5/surefire-api-3.0.0-M5.jar:/Users/cesarriosusuga/.m2/repository/org/apache/maven/surefire/surefire-logger-api/3.0.0-M5/surefire-logger-api-3.0.0-M5.jar:/Users/cesarriosusuga/.m2/repository/org/apache/maven/surefire/surefire-shared-utils/3.0.0-M4/surefire-shared-utils-3.0.0-M4.jar:/Users/cesarriosusuga/.m2/repository/org/apache/maven/surefire/surefire-extensions-spi/3.0.0-M5/surefire-extensions-spi-3.0.0-M5.jar:/Users/cesarriosusuga/Desktop/Prueba-tecnica/target/test-classes:/Users/cesarriosusuga/.m2/repository/net/serenity-bdd/serenity-core/3.4.2/serenity-core-3.4.2.jar:/Users/cesarriosusuga/.m2/repository/net/serenity-bdd/serenity-model/3.4.2/serenity-model-3.4.2.jar:/Users/cesarriosusuga/.m2/repository/org/apache/commons/commons-text/1.10.0/commons-text-1.10.0.jar:/Users/cesarriosusuga/.m2/repository/commons-net/commons-net/3.8.0/commons-net-3.8.0.jar:/Users/cesarriosusuga/.m2/repository/com/google/guava/guava/31.1-jre/guava-31.1-jre.jar:/Users/cesarriosusuga/.m2/repository/com/google/guava/failureaccess/1.0.1/failureaccess-1.0.1.jar:/Users/cesarriosusuga/.m2/repository/com/google/guava/listenablefuture/9999.0-empty-to-avoid-conflict-with-guava/listenablefuture-9999.0-empty-to-avoid-conflict-with-guava.jar:/Users/cesarriosusuga/.m2/repository/com/google/code/findbugs/jsr305/3.0.2/jsr305-3.0.2.jar:/Users/cesarriosusuga/.m2/repository/org/checkerframework/checker-qual/3.12.0/checker-qual-3.12.0.jar:/Users/cesarriosusuga/.m2/repository/com/google/errorprone/error_prone_annotations/2.11.0/error_prone_annotations-2.11.0.jar:/Users/cesarriosusuga/.m2/repository/com/google/j2objc/j2objc-annotations/1.3/j2objc-annotations-1.3.jar:/Users/cesarriosusuga/.m2/repository/com/google/inject/guice/5.1.0/guice-5.1.0.jar:/Users/cesarriosusuga/.m2/repository/javax/inject/javax.inject/1/javax.inject-1.jar:/Users/cesarriosusuga/.m2/repository/aopalliance/aopalliance/1.0/aopalliance-1.0.jar:/Users/cesarriosusuga/.m2/repository/org/jsoup/jsoup/1.14.3/jsoup-1.14.3.jar:/Users/cesarriosusuga/.m2/repository/com/thoughtworks/xstream/xstream/1.4.19/xstream-1.4.19.jar:/Users/cesarriosusuga/.m2/repository/io/github/x-stream/mxparser/1.2.2/mxparser-1.2.2.jar:/Users/cesarriosusuga/.m2/repository/xmlpull/xmlpull/1.1.3.1/xmlpull-1.1.3.1.jar:/Users/cesarriosusuga/.m2/repository/com/typesafe/config/1.4.2/config-1.4.2.jar:/Users/cesarriosusuga/.m2/repository/org/imgscalr/imgscalr-lib/4.2/imgscalr-lib-4.2.jar:/Users/cesarriosusuga/.m2/repository/org/awaitility/awaitility/4.2.0/awaitility-4.2.0.jar:/Users/cesarriosusuga/.m2/repository/org/freemarker/freemarker/2.3.31/freemarker-2.3.31.jar:/Users/cesarriosusuga/.m2/repository/io/github/classgraph/classgraph/4.8.138/classgraph-4.8.138.jar:/Users/cesarriosusuga/.m2/repository/net/sourceforge/jexcelapi/jxl/2.6.12/jxl-2.6.12.jar:/Users/cesarriosusuga/.m2/repository/net/bytebuddy/byte-buddy-agent/1.12.18/byte-buddy-agent-1.12.18.jar:/Users/cesarriosusuga/.m2/repository/org/objenesis/objenesis/3.1/objenesis-3.1.jar:/Users/cesarriosusuga/.m2/repository/net/serenity-bdd/serenity-reports/3.4.2/serenity-reports-3.4.2.jar:/Users/cesarriosusuga/.m2/repository/net/serenity-bdd/serenity-stats/3.4.2/serenity-stats-3.4.2.jar:/Users/cesarriosusuga/.m2/repository/net/serenity-bdd/serenity-reports-configuration/3.4.2/serenity-reports-configuration-3.4.2.jar:/Users/cesarriosusuga/.m2/repository/com/vladsch/flexmark/flexmark-all/0.34.30/flexmark-all-0.34.30.jar:/Users/cesarriosusuga/.m2/repository/com/vladsch/flexmark/flexmark/0.34.30/flexmark-0.34.30.jar:/Users/cesarriosusuga/.m2/repository/com/vladsch/flexmark/flexmark-ext-abbreviation/0.34.30/flexmark-ext-abbreviation-0.34.30.jar:/Users/cesarriosusuga/.m2/repository/com/vladsch/flexmark/flexmark-ext-admonition/0.34.30/flexmark-ext-admonition-0.34.30.jar:/Users/cesarriosusuga/.m2/repository/com/vladsch/flexmark/flexmark-ext-anchorlink/0.34.30/flexmark-ext-anchorlink-0.34.30.jar:/Users/cesarriosusuga/.m2/repository/com/vladsch/flexmark/flexmark-ext-aside/0.34.30/flexmark-ext-aside-0.34.30.jar:/Users/cesarriosusuga/.m2/repository/com/vladsch/flexmark/flexmark-ext-attributes/0.34.30/flexmark-ext-attributes-0.34.30.jar:/Users/cesarriosusuga/.m2/repository/com/vladsch/flexmark/flexmark-ext-autolink/0.34.30/flexmark-ext-autolink-0.34.30.jar:/Users/cesarriosusuga/.m2/repository/org/nibor/autolink/autolink/0.6.0/autolink-0.6.0.jar:/Users/cesarriosusuga/.m2/repository/com/vladsch/flexmark/flexmark-ext-definition/0.34.30/flexmark-ext-definition-0.34.30.jar:/Users/cesarriosusuga/.m2/repository/com/vladsch/flexmark/flexmark-ext-emoji/0.34.30/flexmark-ext-emoji-0.34.30.jar:/Users/cesarriosusuga/.m2/repository/com/vladsch/flexmark/flexmark-ext-enumerated-reference/0.34.30/flexmark-ext-enumerated-reference-0.34.30.jar:/Users/cesarriosusuga/.m2/repository/com/vladsch/flexmark/flexmark-ext-escaped-character/0.34.30/flexmark-ext-escaped-character-0.34.30.jar:/Users/cesarriosusuga/.m2/repository/com/vladsch/flexmark/flexmark-ext-footnotes/0.34.30/flexmark-ext-footnotes-0.34.30.jar:/Users/cesarriosusuga/.m2/repository/com/vladsch/flexmark/flexmark-ext-gfm-issues/0.34.30/flexmark-ext-gfm-issues-0.34.30.jar:/Users/cesarriosusuga/.m2/repository/com/vladsch/flexmark/flexmark-ext-gfm-strikethrough/0.34.30/flexmark-ext-gfm-strikethrough-0.34.30.jar:/Users/cesarriosusuga/.m2/repository/com/vladsch/flexmark/flexmark-ext-gfm-tables/0.34.30/flexmark-ext-gfm-tables-0.34.30.jar:/Users/cesarriosusuga/.m2/repository/com/vladsch/flexmark/flexmark-ext-gfm-tasklist/0.34.30/flexmark-ext-gfm-tasklist-0.34.30.jar:/Users/cesarriosusuga/.m2/repository/com/vladsch/flexmark/flexmark-ext-gfm-users/0.34.30/flexmark-ext-gfm-users-0.34.30.jar:/Users/cesarriosusuga/.m2/repository/com/vladsch/flexmark/flexmark-ext-gitlab/0.34.30/flexmark-ext-gitlab-0.34.30.jar:/Users/cesarriosusuga/.m2/repository/com/vladsch/flexmark/flexmark-ext-jekyll-front-matter/0.34.30/flexmark-ext-jekyll-front-matter-0.34.30.jar:/Users/cesarriosusuga/.m2/repository/com/vladsch/flexmark/flexmark-ext-jekyll-tag/0.34.30/flexmark-ext-jekyll-tag-0.34.30.jar:/Users/cesarriosusuga/.m2/repository/com/vladsch/flexmark/flexmark-ext-media-tags/0.34.30/flexmark-ext-media-tags-0.34.30.jar:/Users/cesarriosusuga/.m2/repository/com/vladsch/flexmark/flexmark-test-util/0.34.30/flexmark-test-util-0.34.30.jar:/Users/cesarriosusuga/.m2/repository/com/vladsch/flexmark/flexmark-ext-ins/0.34.30/flexmark-ext-ins-0.34.30.jar:/Users/cesarriosusuga/.m2/repository/com/vladsch/flexmark/flexmark-ext-xwiki-macros/0.34.30/flexmark-ext-xwiki-macros-0.34.30.jar:/Users/cesarriosusuga/.m2/repository/com/vladsch/flexmark/flexmark-ext-superscript/0.34.30/flexmark-ext-superscript-0.34.30.jar:/Users/cesarriosusuga/.m2/repository/com/vladsch/flexmark/flexmark-ext-tables/0.34.30/flexmark-ext-tables-0.34.30.jar:/Users/cesarriosusuga/.m2/repository/com/vladsch/flexmark/flexmark-ext-toc/0.34.30/flexmark-ext-toc-0.34.30.jar:/Users/cesarriosusuga/.m2/repository/com/vladsch/flexmark/flexmark-ext-typographic/0.34.30/flexmark-ext-typographic-0.34.30.jar:/Users/cesarriosusuga/.m2/repository/com/vladsch/flexmark/flexmark-ext-wikilink/0.34.30/flexmark-ext-wikilink-0.34.30.jar:/Users/cesarriosusuga/.m2/repository/com/vladsch/flexmark/flexmark-ext-yaml-front-matter/0.34.30/flexmark-ext-yaml-front-matter-0.34.30.jar:/Users/cesarriosusuga/.m2/repository/com/vladsch/flexmark/flexmark-ext-youtube-embedded/0.34.30/flexmark-ext-youtube-embedded-0.34.30.jar:/Users/cesarriosusuga/.m2/repository/com/vladsch/flexmark/flexmark-formatter/0.34.30/flexmark-formatter-0.34.30.jar:/Users/cesarriosusuga/.m2/repository/com/vladsch/flexmark/flexmark-html-parser/0.34.30/flexmark-html-parser-0.34.30.jar:/Users/cesarriosusuga/.m2/repository/com/vladsch/flexmark/flexmark-jira-converter/0.34.30/flexmark-jira-converter-0.34.30.jar:/Users/cesarriosusuga/.m2/repository/com/vladsch/flexmark/flexmark-pdf-converter/0.34.30/flexmark-pdf-converter-0.34.30.jar:/Users/cesarriosusuga/.m2/repository/com/openhtmltopdf/openhtmltopdf-core/0.0.1-RC13/openhtmltopdf-core-0.0.1-RC13.jar:/Users/cesarriosusuga/.m2/repository/com/openhtmltopdf/openhtmltopdf-pdfbox/0.0.1-RC13/openhtmltopdf-pdfbox-0.0.1-RC13.jar:/Users/cesarriosusuga/.m2/repository/org/apache/pdfbox/pdfbox/2.0.8/pdfbox-2.0.8.jar:/Users/cesarriosusuga/.m2/repository/org/apache/pdfbox/fontbox/2.0.8/fontbox-2.0.8.jar:/Users/cesarriosusuga/.m2/repository/org/apache/pdfbox/xmpbox/2.0.8/xmpbox-2.0.8.jar:/Users/cesarriosusuga/.m2/repository/de/rototor/pdfbox/graphics2d/0.12/graphics2d-0.12.jar:/Users/cesarriosusuga/.m2/repository/com/openhtmltopdf/openhtmltopdf-rtl-support/0.0.1-RC13/openhtmltopdf-rtl-support-0.0.1-RC13.jar:/Users/cesarriosusuga/.m2/repository/com/ibm/icu/icu4j/59.1/icu4j-59.1.jar:/Users/cesarriosusuga/.m2/repository/com/openhtmltopdf/openhtmltopdf-jsoup-dom-converter/0.0.1-RC13/openhtmltopdf-jsoup-dom-converter-0.0.1-RC13.jar:/Users/cesarriosusuga/.m2/repository/com/vladsch/flexmark/flexmark-profile-pegdown/0.34.30/flexmark-profile-pegdown-0.34.30.jar:/Users/cesarriosusuga/.m2/repository/com/vladsch/flexmark/flexmark-util/0.34.30/flexmark-util-0.34.30.jar:/Users/cesarriosusuga/.m2/repository/com/vladsch/flexmark/flexmark-youtrack-converter/0.34.30/flexmark-youtrack-converter-0.34.30.jar:/Users/cesarriosusuga/.m2/repository/es/nitaur/markdown/txtmark/0.16/txtmark-0.16.jar:/Users/cesarriosusuga/.m2/repository/net/serenity-bdd/serenity-report-resources/3.4.2/serenity-report-resources-3.4.2.jar:/Users/cesarriosusuga/.m2/repository/com/google/code/gson/gson/2.9.0/gson-2.9.0.jar:/Users/cesarriosusuga/.m2/repository/com/fasterxml/jackson/core/jackson-core/2.13.4/jackson-core-2.13.4.jar:/Users/cesarriosusuga/.m2/repository/com/fasterxml/jackson/core/jackson-databind/2.13.4/jackson-databind-2.13.4.jar:/Users/cesarriosusuga/.m2/repository/com/fasterxml/jackson/core/jackson-annotations/2.13.4/jackson-annotations-2.13.4.jar:/Users/cesarriosusuga/.m2/repository/commons-codec/commons-codec/1.15/commons-codec-1.15.jar:/Users/cesarriosusuga/.m2/repository/commons-io/commons-io/2.11.0/commons-io-2.11.0.jar:/Users/cesarriosusuga/.m2/repository/org/apache/httpcomponents/httpclient/4.5.13/httpclient-4.5.13.jar:/Users/cesarriosusuga/.m2/repository/org/apache/httpcomponents/httpcore/4.4.13/httpcore-4.4.13.jar:/Users/cesarriosusuga/.m2/repository/commons-logging/commons-logging/1.2/commons-logging-1.2.jar:/Users/cesarriosusuga/.m2/repository/org/seleniumhq/selenium/selenium-java/4.6.0/selenium-java-4.6.0.jar:/Users/cesarriosusuga/.m2/repository/org/seleniumhq/selenium/selenium-devtools-v105/4.6.0/selenium-devtools-v105-4.6.0.jar:/Users/cesarriosusuga/.m2/repository/org/seleniumhq/selenium/selenium-devtools-v106/4.6.0/selenium-devtools-v106-4.6.0.jar:/Users/cesarriosusuga/.m2/repository/org/seleniumhq/selenium/selenium-devtools-v107/4.6.0/selenium-devtools-v107-4.6.0.jar:/Users/cesarriosusuga/.m2/repository/org/seleniumhq/selenium/selenium-devtools-v85/4.6.0/selenium-devtools-v85-4.6.0.jar:/Users/cesarriosusuga/.m2/repository/org/seleniumhq/selenium/selenium-remote-driver/4.6.0/selenium-remote-driver-4.6.0.jar:/Users/cesarriosusuga/.m2/repository/com/beust/jcommander/1.82/jcommander-1.82.jar:/Users/cesarriosusuga/.m2/repository/io/netty/netty-buffer/4.1.84.Final/netty-buffer-4.1.84.Final.jar:/Users/cesarriosusuga/.m2/repository/io/netty/netty-codec-http/4.1.84.Final/netty-codec-http-4.1.84.Final.jar:/Users/cesarriosusuga/.m2/repository/io/netty/netty-codec/4.1.84.Final/netty-codec-4.1.84.Final.jar:/Users/cesarriosusuga/.m2/repository/io/netty/netty-handler/4.1.84.Final/netty-handler-4.1.84.Final.jar:/Users/cesarriosusuga/.m2/repository/io/netty/netty-common/4.1.84.Final/netty-common-4.1.84.Final.jar:/Users/cesarriosusuga/.m2/repository/io/netty/netty-transport-classes-epoll/4.1.84.Final/netty-transport-classes-epoll-4.1.84.Final.jar:/Users/cesarriosusuga/.m2/repository/io/netty/netty-transport-classes-kqueue/4.1.84.Final/netty-transport-classes-kqueue-4.1.84.Final.jar:/Users/cesarriosusuga/.m2/repository/io/netty/netty-transport-native-epoll/4.1.84.Final/netty-transport-native-epoll-4.1.84.Final.jar:/Users/cesarriosusuga/.m2/repository/io/netty/netty-transport-native-kqueue/4.1.84.Final/netty-transport-native-kqueue-4.1.84.Final.jar:/Users/cesarriosusuga/.m2/repository/io/netty/netty-transport-native-unix-common/4.1.84.Final/netty-transport-native-unix-common-4.1.84.Final.jar:/Users/cesarriosusuga/.m2/repository/io/netty/netty-transport/4.1.84.Final/netty-transport-4.1.84.Final.jar:/Users/cesarriosusuga/.m2/repository/io/netty/netty-resolver/4.1.84.Final/netty-resolver-4.1.84.Final.jar:/Users/cesarriosusuga/.m2/repository/io/opentelemetry/opentelemetry-api/1.19.0/opentelemetry-api-1.19.0.jar:/Users/cesarriosusuga/.m2/repository/io/opentelemetry/opentelemetry-context/1.19.0/opentelemetry-context-1.19.0.jar:/Users/cesarriosusuga/.m2/repository/io/opentelemetry/opentelemetry-exporter-logging/1.19.0/opentelemetry-exporter-logging-1.19.0.jar:/Users/cesarriosusuga/.m2/repository/io/opentelemetry/opentelemetry-sdk-metrics/1.19.0/opentelemetry-sdk-metrics-1.19.0.jar:/Users/cesarriosusuga/.m2/repository/io/opentelemetry/opentelemetry-sdk-logs/1.19.0-alpha/opentelemetry-sdk-logs-1.19.0-alpha.jar:/Users/cesarriosusuga/.m2/repository/io/opentelemetry/opentelemetry-api-logs/1.19.0-alpha/opentelemetry-api-logs-1.19.0-alpha.jar:/Users/cesarriosusuga/.m2/repository/io/opentelemetry/opentelemetry-sdk-common/1.19.0/opentelemetry-sdk-common-1.19.0.jar:/Users/cesarriosusuga/.m2/repository/io/opentelemetry/opentelemetry-sdk-extension-autoconfigure-spi/1.19.0/opentelemetry-sdk-extension-autoconfigure-spi-1.19.0.jar:/Users/cesarriosusuga/.m2/repository/io/opentelemetry/opentelemetry-sdk-extension-autoconfigure/1.19.0-alpha/opentelemetry-sdk-extension-autoconfigure-1.19.0-alpha.jar:/Users/cesarriosusuga/.m2/repository/io/opentelemetry/opentelemetry-exporter-common/1.19.0/opentelemetry-exporter-common-1.19.0.jar:/Users/cesarriosusuga/.m2/repository/io/opentelemetry/opentelemetry-sdk-trace/1.19.0/opentelemetry-sdk-trace-1.19.0.jar:/Users/cesarriosusuga/.m2/repository/io/opentelemetry/opentelemetry-sdk/1.19.0/opentelemetry-sdk-1.19.0.jar:/Users/cesarriosusuga/.m2/repository/io/opentelemetry/opentelemetry-semconv/1.19.0-alpha/opentelemetry-semconv-1.19.0-alpha.jar:/Users/cesarriosusuga/.m2/repository/io/ous/jtoml/2.0.0/jtoml-2.0.0.jar:/Users/cesarriosusuga/.m2/repository/org/apache/commons/commons-exec/1.3/commons-exec-1.3.jar:/Users/cesarriosusuga/.m2/repository/org/asynchttpclient/async-http-client/2.12.3/async-http-client-2.12.3.jar:/Users/cesarriosusuga/.m2/repository/org/asynchttpclient/async-http-client-netty-utils/2.12.3/async-http-client-netty-utils-2.12.3.jar:/Users/cesarriosusuga/.m2/repository/io/netty/netty-codec-socks/4.1.60.Final/netty-codec-socks-4.1.60.Final.jar:/Users/cesarriosusuga/.m2/repository/io/netty/netty-handler-proxy/4.1.60.Final/netty-handler-proxy-4.1.60.Final.jar:/Users/cesarriosusuga/.m2/repository/io/netty/netty-transport-native-epoll/4.1.60.Final/netty-transport-native-epoll-4.1.60.Final-linux-x86_64.jar:/Users/cesarriosusuga/.m2/repository/io/netty/netty-transport-native-kqueue/4.1.60.Final/netty-transport-native-kqueue-4.1.60.Final-osx-x86_64.jar:/Users/cesarriosusuga/.m2/repository/org/reactivestreams/reactive-streams/1.0.3/reactive-streams-1.0.3.jar:/Users/cesarriosusuga/.m2/repository/com/typesafe/netty/netty-reactive-streams/2.0.4/netty-reactive-streams-2.0.4.jar:/Users/cesarriosusuga/.m2/repository/org/seleniumhq/selenium/selenium-http/4.6.0/selenium-http-4.6.0.jar:/Users/cesarriosusuga/.m2/repository/dev/failsafe/failsafe/3.3.0/failsafe-3.3.0.jar:/Users/cesarriosusuga/.m2/repository/org/seleniumhq/selenium/selenium-manager/4.6.0/selenium-manager-4.6.0.jar:/Users/cesarriosusuga/.m2/repository/org/seleniumhq/selenium/selenium-safari-driver/4.6.0/selenium-safari-driver-4.6.0.jar:/Users/cesarriosusuga/.m2/repository/org/seleniumhq/selenium/selenium-api/4.6.0/selenium-api-4.6.0.jar:/Users/cesarriosusuga/.m2/repository/org/seleniumhq/selenium/selenium-support/4.6.0/selenium-support-4.6.0.jar:/Users/cesarriosusuga/.m2/repository/com/google/auto/service/auto-service-annotations/1.0.1/auto-service-annotations-1.0.1.jar:/Users/cesarriosusuga/.m2/repository/com/google/auto/service/auto-service/1.0.1/auto-service-1.0.1.jar:/Users/cesarriosusuga/.m2/repository/com/google/auto/auto-common/1.2/auto-common-1.2.jar:/Users/cesarriosusuga/.m2/repository/org/seleniumhq/selenium/selenium-json/4.6.0/selenium-json-4.6.0.jar:/Users/cesarriosusuga/.m2/repository/org/seleniumhq/selenium/selenium-chrome-driver/4.6.0/selenium-chrome-driver-4.6.0.jar:/Users/cesarriosusuga/.m2/repository/org/seleniumhq/selenium/selenium-chromium-driver/4.6.0/selenium-chromium-driver-4.6.0.jar:/Users/cesarriosusuga/.m2/repository/org/seleniumhq/selenium/selenium-firefox-driver/4.6.0/selenium-firefox-driver-4.6.0.jar:/Users/cesarriosusuga/.m2/repository/org/seleniumhq/selenium/selenium-edge-driver/4.6.0/selenium-edge-driver-4.6.0.jar:/Users/cesarriosusuga/.m2/repository/org/seleniumhq/selenium/selenium-ie-driver/4.6.0/selenium-ie-driver-4.6.0.jar:/Users/cesarriosusuga/.m2/repository/org/projectlombok/lombok/1.18.20/lombok-1.18.20.jar:/Users/cesarriosusuga/.m2/repository/io/appium/java-client/8.2.0/java-client-8.2.0.jar:/Users/cesarriosusuga/.m2/repository/commons-validator/commons-validator/1.7/commons-validator-1.7.jar:/Users/cesarriosusuga/.m2/repository/commons-digester/commons-digester/2.1/commons-digester-2.1.jar:/Users/cesarriosusuga/.m2/repository/org/apache/groovy/groovy/4.0.6/groovy-4.0.6.jar:/Users/cesarriosusuga/.m2/repository/net/sf/opencsv/opencsv/2.0/opencsv-2.0.jar:/Users/cesarriosusuga/.m2/repository/commons-beanutils/commons-beanutils/1.9.4/commons-beanutils-1.9.4.jar:/Users/cesarriosusuga/.m2/repository/org/apache/commons/commons-lang3/3.12.0/commons-lang3-3.12.0.jar:/Users/cesarriosusuga/.m2/repository/commons-collections/commons-collections/3.2.2/commons-collections-3.2.2.jar:/Users/cesarriosusuga/.m2/repository/org/fluentlenium/fluentlenium-core/0.10.2/fluentlenium-core-0.10.2.jar:/Users/cesarriosusuga/.m2/repository/io/github/bonigarcia/webdrivermanager/5.3.0/webdrivermanager-5.3.0.jar:/Users/cesarriosusuga/.m2/repository/com/github/docker-java/docker-java/3.2.13/docker-java-3.2.13.jar:/Users/cesarriosusuga/.m2/repository/com/github/docker-java/docker-java-core/3.2.13/docker-java-core-3.2.13.jar:/Users/cesarriosusuga/.m2/repository/com/github/docker-java/docker-java-api/3.2.13/docker-java-api-3.2.13.jar:/Users/cesarriosusuga/.m2/repository/org/apache/commons/commons-compress/1.21/commons-compress-1.21.jar:/Users/cesarriosusuga/.m2/repository/org/bouncycastle/bcpkix-jdk15on/1.64/bcpkix-jdk15on-1.64.jar:/Users/cesarriosusuga/.m2/repository/org/bouncycastle/bcprov-jdk15on/1.64/bcprov-jdk15on-1.64.jar:/Users/cesarriosusuga/.m2/repository/org/slf4j/jcl-over-slf4j/1.7.30/jcl-over-slf4j-1.7.30.jar:/Users/cesarriosusuga/.m2/repository/com/github/docker-java/docker-java-transport-httpclient5/3.2.13/docker-java-transport-httpclient5-3.2.13.jar:/Users/cesarriosusuga/.m2/repository/com/github/docker-java/docker-java-transport/3.2.13/docker-java-transport-3.2.13.jar:/Users/cesarriosusuga/.m2/repository/net/java/dev/jna/jna/5.8.0/jna-5.8.0.jar:/Users/cesarriosusuga/.m2/repository/org/brotli/dec/0.1.2/dec-0.1.2.jar:/Users/cesarriosusuga/.m2/repository/org/apache/httpcomponents/client5/httpclient5/5.1.3/httpclient5-5.1.3.jar:/Users/cesarriosusuga/.m2/repository/org/apache/httpcomponents/core5/httpcore5/5.1.3/httpcore5-5.1.3.jar:/Users/cesarriosusuga/.m2/repository/org/apache/httpcomponents/core5/httpcore5-h2/5.1.3/httpcore5-h2-5.1.3.jar:/Users/cesarriosusuga/.m2/repository/com/jhlabs/filters/2.0.235/filters-2.0.235.jar:/Users/cesarriosusuga/.m2/repository/com/paulhammant/ngwebdriver/1.1.6/ngwebdriver-1.1.6.jar:/Users/cesarriosusuga/.m2/repository/joda-time/joda-time/2.8.2/joda-time-2.8.2.jar:/Users/cesarriosusuga/.m2/repository/org/hamcrest/hamcrest/2.2/hamcrest-2.2.jar:/Users/cesarriosusuga/.m2/repository/com/google/jimfs/jimfs/1.2/jimfs-1.2.jar:/Users/cesarriosusuga/.m2/repository/org/mockito/mockito-core/3.3.3/mockito-core-3.3.3.jar:/Users/cesarriosusuga/.m2/repository/javax/xml/bind/jaxb-api/2.3.1/jaxb-api-2.3.1.jar:/Users/cesarriosusuga/.m2/repository/javax/activation/javax.activation-api/1.2.0/javax.activation-api-1.2.0.jar:/Users/cesarriosusuga/.m2/repository/com/sun/xml/bind/jaxb-core/2.3.0.1/jaxb-core-2.3.0.1.jar:/Users/cesarriosusuga/.m2/repository/com/sun/xml/bind/jaxb-impl/2.3.3/jaxb-impl-2.3.3.jar:/Users/cesarriosusuga/.m2/repository/jakarta/xml/bind/jakarta.xml.bind-api/2.3.3/jakarta.xml.bind-api-2.3.3.jar:/Users/cesarriosusuga/.m2/repository/com/sun/activation/jakarta.activation/1.2.2/jakarta.activation-1.2.2.jar:/Users/cesarriosusuga/.m2/repository/javax/activation/activation/1.1.1/activation-1.1.1.jar:/Users/cesarriosusuga/.m2/repository/net/serenity-bdd/serenity-cucumber/3.4.2/serenity-cucumber-3.4.2.jar:/Users/cesarriosusuga/.m2/repository/io/cucumber/cucumber-core/7.8.1/cucumber-core-7.8.1.jar:/Users/cesarriosusuga/.m2/repository/io/cucumber/cucumber-gherkin/7.8.1/cucumber-gherkin-7.8.1.jar:/Users/cesarriosusuga/.m2/repository/io/cucumber/cucumber-gherkin-messages/7.8.1/cucumber-gherkin-messages-7.8.1.jar:/Users/cesarriosusuga/.m2/repository/io/cucumber/gherkin/24.0.0/gherkin-24.0.0.jar:/Users/cesarriosusuga/.m2/repository/io/cucumber/messages/19.1.4/messages-19.1.4.jar:/Users/cesarriosusuga/.m2/repository/io/cucumber/tag-expressions/4.1.0/tag-expressions-4.1.0.jar:/Users/cesarriosusuga/.m2/repository/io/cucumber/cucumber-expressions/16.0.0/cucumber-expressions-16.0.0.jar:/Users/cesarriosusuga/.m2/repository/io/cucumber/datatable/7.8.1/datatable-7.8.1.jar:/Users/cesarriosusuga/.m2/repository/io/cucumber/cucumber-plugin/7.8.1/cucumber-plugin-7.8.1.jar:/Users/cesarriosusuga/.m2/repository/io/cucumber/docstring/7.8.1/docstring-7.8.1.jar:/Users/cesarriosusuga/.m2/repository/io/cucumber/html-formatter/20.1.0/html-formatter-20.1.0.jar:/Users/cesarriosusuga/.m2/repository/io/cucumber/ci-environment/9.1.0/ci-environment-9.1.0.jar:/Users/cesarriosusuga/.m2/repository/io/cucumber/cucumber-java/7.8.1/cucumber-java-7.8.1.jar:/Users/cesarriosusuga/.m2/repository/io/cucumber/cucumber-junit/7.8.1/cucumber-junit-7.8.1.jar:/Users/cesarriosusuga/.m2/repository/org/apache/commons/commons-csv/1.5/commons-csv-1.5.jar:/Users/cesarriosusuga/.m2/repository/net/serenity-bdd/serenity-screenplay/3.4.2/serenity-screenplay-3.4.2.jar:/Users/cesarriosusuga/.m2/repository/net/serenity-bdd/serenity-screenplay-webdriver/3.4.2/serenity-screenplay-webdriver-3.4.2.jar:/Users/cesarriosusuga/.m2/repository/net/serenity-bdd/serenity-ensure/3.4.2/serenity-ensure-3.4.2.jar:/Users/cesarriosusuga/.m2/repository/net/serenity-bdd/serenity-junit/3.4.2/serenity-junit-3.4.2.jar:/Users/cesarriosusuga/.m2/repository/org/jetbrains/kotlin/kotlin-stdlib/1.7.20/kotlin-stdlib-1.7.20.jar:/Users/cesarriosusuga/.m2/repository/org/jetbrains/kotlin/kotlin-stdlib-common/1.7.20/kotlin-stdlib-common-1.7.20.jar:/Users/cesarriosusuga/.m2/repository/org/jetbrains/annotations/13.0/annotations-13.0.jar:/Users/cesarriosusuga/.m2/repository/org/junit/platform/junit-platform-launcher/1.8.2/junit-platform-launcher-1.8.2.jar:/Users/cesarriosusuga/.m2/repository/org/junit/platform/junit-platform-engine/1.8.2/junit-platform-engine-1.8.2.jar:/Users/cesarriosusuga/.m2/repository/org/opentest4j/opentest4j/1.2.0/opentest4j-1.2.0.jar:/Users/cesarriosusuga/.m2/repository/org/junit/platform/junit-platform-commons/1.8.2/junit-platform-commons-1.8.2.jar:/Users/cesarriosusuga/.m2/repository/org/apiguardian/apiguardian-api/1.1.2/apiguardian-api-1.1.2.jar:/Users/cesarriosusuga/.m2/repository/org/junit/jupiter/junit-jupiter-engine/5.8.2/junit-jupiter-engine-5.8.2.jar:/Users/cesarriosusuga/.m2/repository/org/junit/jupiter/junit-jupiter-api/5.8.2/junit-jupiter-api-5.8.2.jar:/Users/cesarriosusuga/.m2/repository/org/junit/vintage/junit-vintage-engine/5.8.2/junit-vintage-engine-5.8.2.jar:/Users/cesarriosusuga/.m2/repository/junit/junit/4.13.2/junit-4.13.2.jar:/Users/cesarriosusuga/.m2/repository/org/hamcrest/hamcrest-core/1.3/hamcrest-core-1.3.jar:/Users/cesarriosusuga/.m2/repository/ch/qos/logback/logback-classic/1.2.10/logback-classic-1.2.10.jar:/Users/cesarriosusuga/.m2/repository/ch/qos/logback/logback-core/1.2.10/logback-core-1.2.10.jar:/Users/cesarriosusuga/.m2/repository/org/slf4j/slf4j-api/1.7.32/slf4j-api-1.7.32.jar:/Users/cesarriosusuga/.m2/repository/org/assertj/assertj-core/3.23.1/assertj-core-3.23.1.jar:/Users/cesarriosusuga/.m2/repository/net/bytebuddy/byte-buddy/1.12.10/byte-buddy-1.12.10.jar:/Users/cesarriosusuga/.m2/repository/org/apache/maven/surefire/surefire-junit-platform/3.0.0-M5/surefire-junit-platform-3.0.0-M5.jar:/Users/cesarriosusuga/.m2/repository/org/apache/maven/surefire/common-java5/3.0.0-M5/common-java5-3.0.0-M5.jar"/>
    <property name="java.protocol.handler.pkgs" value="com.google.common"/>
    <property name="sun.management.compiler" value="HotSpot 64-Bit Tiered Compilers"/>
    <property name="ftp.nonProxyHosts" value="local|*.local|169.254/16|*.169.254/16"/>
    <property name="java.runtime.version" value="18.0.2.1+0"/>
    <property name="user.name" value="cesarriosusuga"/>
    <property name="path.separator" value=":"/>
    <property name="os.version" value="12.2.1"/>
    <property name="java.runtime.name" value="OpenJDK Runtime Environment"/>
    <property name="file.encoding" value="UTF-8"/>
    <property name="webdriver.base.url" value=""/>
    <property name="java.vm.name" value="OpenJDK 64-Bit Server VM"/>
    <property name="java.vendor.version" value="Homebrew"/>
    <property name="localRepository" value="/Users/cesarriosusuga/.m2/repository"/>
    <property name="java.vendor.url.bug" value="https://github.com/Homebrew/homebrew-core/issues"/>
    <property name="java.io.tmpdir" value="/var/folders/gw/10b72tvn1jlcc0qdxrft6r940000gn/T/"/>
    <property name="java.version" value="18.0.2.1"/>
    <property name="user.dir" value="/Users/cesarriosusuga/Desktop/Prueba-tecnica"/>
    <property name="os.arch" value="aarch64"/>
    <property name="java.vm.specification.name" value="Java Virtual Machine Specification"/>
    <property name="native.encoding" value="UTF-8"/>
    <property name="java.library.path" value="/Users/cesarriosusuga/Library/Java/Extensions:/Library/Java/Extensions:/Network/Library/Java/Extensions:/System/Library/Java/Extensions:/usr/lib/java:."/>
    <property name="java.vm.info" value="mixed mode"/>
    <property name="java.vendor" value="Homebrew"/>
    <property name="java.vm.version" value="18.0.2.1+0"/>
    <property name="sun.io.unicode.encoding" value="UnicodeBig"/>
    <property name="socksNonProxyHosts" value="local|*.local|169.254/16|*.169.254/16"/>
    <property name="java.class.version" value="62.0"/>
  </properties>
  <testcase name="Validate netflix" classname="Netflix" time="9.291">
    <system-out><![CDATA[02:23:26.879 [main] DEBUG net.thucydides.core.guice.Injectors - Created injector for module net.thucydides.core.guice.ThucydidesModule
02:23:26.969 [main] INFO io.cucumber.core.plugin.SerenityReporter - Running feature from file:///Users/cesarriosusuga/Desktop/Prueba-tecnica/src/test/resources/features/Netflix.feature
02:23:27.040 [main] DEBUG net.thucydides.core.guice.Injectors - Created injector for module net.thucydides.core.guice.webdriver.WebDriverModule
02:23:27.046 [main] INFO  - 

-------------------------------------------------------------------------------------
     _______. _______ .______       _______ .__   __.  __  .___________.____    ____ 
    /       ||   ____||   _  \     |   ____||  \ |  | |  | |           |\   \  /   / 
   |   (----`|  |__   |  |_)  |    |  |__   |   \|  | |  | `---|  |----` \   \/   /  
    \   \    |   __|  |      /     |   __|  |  . `  | |  |     |  |       \_    _/   
.----)   |   |  |____ |  |\  \----.|  |____ |  |\   | |  |     |  |         |  |     
|_______/    |_______|| _| `._____||_______||__| \__| |__|     |__|         |__|    
                                                                                     
 News and tutorials at http://www.serenity-bdd.info                                  
 Documentation at https://wakaleo.gitbooks.io/the-serenity-book/content/             
 Join the Serenity Community on Gitter: https://gitter.im/serenity-bdd/serenity-core 
 Serenity BDD Support and Training at http://serenity-bdd.info/#/trainingandsupport  
-------------------------------------------------------------------------------------

02:23:27.047 [main] DEBUG net.thucydides.core.steps.StepEventBus - Test suite started for story net.thucydides.core.model.Story@e1a20328
02:23:27.049 [main] INFO  - Test Suite Started: Netflix
02:23:27.055 [main] INFO io.cucumber.core.plugin.SerenityReporter - Running feature from file:///Users/cesarriosusuga/Desktop/Prueba-tecnica/src/test/resources/features/Netflix.feature
02:23:27.056 [main] DEBUG net.thucydides.core.steps.StepEventBus - Test suite started for story net.thucydides.core.model.Story@e1a20328
02:23:27.056 [main] INFO  - Test Suite Started: Netflix

@Netflix
Scenario: Validate netflix               &amp#27;[90m# src/test/resources/features/Netflix.feature:6&amp#27;[0m
02:23:27.077 [main] INFO io.cucumber.core.plugin.SerenityReporter - Running feature from file:///Users/cesarriosusuga/Desktop/Prueba-tecnica/src/test/resources/features/Netflix.feature
02:23:27.142 [main] INFO  - 
  _____   ___   ___   _____     ___   _____     _     ___   _____   ___   ___  
 |_   _| | __| / __| |_   _|   / __| |_   _|   /_\   | _ \ |_   _| | __| |   \ 
   | |   | _|  \__ \   | |     \__ \   | |    / _ \  |   /   | |   | _|  | |) |
   |_|   |___| |___/   |_|     |___/   |_|   /_/ \_\ |_|_\   |_|   |___| |___/ 

Validate netflix(netflix;validate-netflix)
--------------------------------------------------------------------------------
02:23:27.418 [main] DEBUG net.thucydides.core.steps.StepInterceptor - STARTING STEP: NetflixDefinitions.navigateToNetflix - openBrowser
02:23:27.511 [main] INFO net.serenitybdd.core.webdriver.driverproviders.ChromeDriverProvider - Starting Chrome driver instance with capabilities:
02:23:27.511 [main] INFO net.serenitybdd.core.webdriver.driverproviders.ChromeDriverProvider - Capabilities {acceptInsecureCerts: false, browserName: chrome, goog:chromeOptions: {args: [--disk-cache-dir=null, --disable-popup-blocking,--..., --disable-download-notifica...], extensions: []}}
02:23:27.539 [main] DEBUG io.netty.util.internal.logging.InternalLoggerFactory - Using SLF4J as the default logging framework
02:23:27.542 [main] DEBUG io.netty.util.ResourceLeakDetector - -Dio.netty.leakDetection.level: simple
02:23:27.542 [main] DEBUG io.netty.util.ResourceLeakDetector - -Dio.netty.leakDetection.targetRecords: 4
02:23:27.545 [main] DEBUG io.netty.util.ResourceLeakDetectorFactory - Loaded default ResourceLeakDetector: io.netty.util.ResourceLeakDetector@7bbcf6f0
02:23:27.552 [main] DEBUG io.netty.util.internal.PlatformDependent0 - -Dio.netty.noUnsafe: false
02:23:27.552 [main] DEBUG io.netty.util.internal.PlatformDependent0 - Java version: 18
02:23:27.552 [main] DEBUG io.netty.util.internal.PlatformDependent0 - sun.misc.Unsafe.theUnsafe: available
02:23:27.552 [main] DEBUG io.netty.util.internal.PlatformDependent0 - sun.misc.Unsafe.copyMemory: available
02:23:27.552 [main] DEBUG io.netty.util.internal.PlatformDependent0 - sun.misc.Unsafe.storeFence: available
02:23:27.553 [main] DEBUG io.netty.util.internal.PlatformDependent0 - java.nio.Buffer.address: available
02:23:27.553 [main] DEBUG io.netty.util.internal.PlatformDependent0 - direct buffer constructor: unavailable: Reflective setAccessible(true) disabled
02:23:27.553 [main] DEBUG io.netty.util.internal.PlatformDependent0 - java.nio.Bits.unaligned: available, true
02:23:27.554 [main] DEBUG io.netty.util.internal.PlatformDependent0 - jdk.internal.misc.Unsafe.allocateUninitializedArray(int): unavailable: class io.netty.util.internal.PlatformDependent0$7 cannot access class jdk.internal.misc.Unsafe (in module java.base) because module java.base does not export jdk.internal.misc to unnamed module @5f8edcc5
02:23:27.554 [main] DEBUG io.netty.util.internal.PlatformDependent0 - java.nio.DirectByteBuffer.<init>(long, int): unavailable
02:23:27.554 [main] DEBUG io.netty.util.internal.PlatformDependent - sun.misc.Unsafe: available
02:23:27.556 [main] DEBUG io.netty.util.internal.PlatformDependent - maxDirectMemory: 2147483648 bytes (maybe)
02:23:27.556 [main] DEBUG io.netty.util.internal.PlatformDependent - -Dio.netty.tmpdir: /var/folders/gw/10b72tvn1jlcc0qdxrft6r940000gn/T (java.io.tmpdir)
02:23:27.556 [main] DEBUG io.netty.util.internal.PlatformDependent - -Dio.netty.bitMode: 64 (sun.arch.data.model)
02:23:27.556 [main] DEBUG io.netty.util.internal.PlatformDependent - Platform: MacOS
02:23:27.557 [main] DEBUG io.netty.util.internal.PlatformDependent - -Dio.netty.maxDirectMemory: -1 bytes
02:23:27.557 [main] DEBUG io.netty.util.internal.PlatformDependent - -Dio.netty.uninitializedArrayAllocationThreshold: -1
02:23:27.557 [main] DEBUG io.netty.util.internal.CleanerJava9 - java.nio.ByteBuffer.cleaner(): available
02:23:27.557 [main] DEBUG io.netty.util.internal.PlatformDependent - -Dio.netty.noPreferDirect: false
02:23:27.560 [main] DEBUG io.netty.util.internal.PlatformDependent - org.jctools-core.MpscChunkedArrayQueue: available
02:23:27.575 [main] DEBUG io.netty.util.internal.InternalThreadLocalMap - -Dio.netty.threadLocalMap.stringBuilder.initialSize: 1024
02:23:27.575 [main] DEBUG io.netty.util.internal.InternalThreadLocalMap - -Dio.netty.threadLocalMap.stringBuilder.maxSize: 4096
02:23:27.677 [main] DEBUG io.netty.handler.ssl.JdkSslContext - Default protocols (JDK): [TLSv1.3, TLSv1.2] 
02:23:27.677 [main] DEBUG io.netty.handler.ssl.JdkSslContext - Default cipher suites (JDK): [TLS_ECDHE_ECDSA_WITH_AES_256_GCM_SHA384, TLS_ECDHE_ECDSA_WITH_AES_128_GCM_SHA256, TLS_ECDHE_RSA_WITH_AES_128_GCM_SHA256, TLS_ECDHE_RSA_WITH_AES_256_GCM_SHA384, TLS_ECDHE_RSA_WITH_AES_128_CBC_SHA, TLS_ECDHE_RSA_WITH_AES_256_CBC_SHA, TLS_RSA_WITH_AES_128_GCM_SHA256, TLS_RSA_WITH_AES_128_CBC_SHA, TLS_RSA_WITH_AES_256_CBC_SHA, TLS_AES_128_GCM_SHA256, TLS_AES_256_GCM_SHA384]
02:23:27.686 [main] DEBUG io.netty.channel.MultithreadEventLoopGroup - -Dio.netty.eventLoopThreads: 16
02:23:27.690 [main] DEBUG io.netty.channel.nio.NioEventLoop - -Dio.netty.noKeySetOptimization: false
02:23:27.690 [main] DEBUG io.netty.channel.nio.NioEventLoop - -Dio.netty.selectorAutoRebuildThreshold: 512
02:23:27.701 [main] DEBUG io.netty.buffer.PooledByteBufAllocator - -Dio.netty.allocator.numHeapArenas: 16
02:23:27.701 [main] DEBUG io.netty.buffer.PooledByteBufAllocator - -Dio.netty.allocator.numDirectArenas: 16
02:23:27.702 [main] DEBUG io.netty.buffer.PooledByteBufAllocator - -Dio.netty.allocator.pageSize: 8192
02:23:27.702 [main] DEBUG io.netty.buffer.PooledByteBufAllocator - -Dio.netty.allocator.maxOrder: 9
02:23:27.702 [main] DEBUG io.netty.buffer.PooledByteBufAllocator - -Dio.netty.allocator.chunkSize: 4194304
02:23:27.702 [main] DEBUG io.netty.buffer.PooledByteBufAllocator - -Dio.netty.allocator.smallCacheSize: 256
02:23:27.702 [main] DEBUG io.netty.buffer.PooledByteBufAllocator - -Dio.netty.allocator.normalCacheSize: 64
02:23:27.702 [main] DEBUG io.netty.buffer.PooledByteBufAllocator - -Dio.netty.allocator.maxCachedBufferCapacity: 32768
02:23:27.702 [main] DEBUG io.netty.buffer.PooledByteBufAllocator - -Dio.netty.allocator.cacheTrimInterval: 8192
02:23:27.702 [main] DEBUG io.netty.buffer.PooledByteBufAllocator - -Dio.netty.allocator.cacheTrimIntervalMillis: 0
02:23:27.702 [main] DEBUG io.netty.buffer.PooledByteBufAllocator - -Dio.netty.allocator.useCacheForAllThreads: false
02:23:27.702 [main] DEBUG io.netty.buffer.PooledByteBufAllocator - -Dio.netty.allocator.maxCachedByteBuffersPerChunk: 1023
02:23:27.706 [main] DEBUG io.netty.buffer.ByteBufUtil - -Dio.netty.allocator.type: pooled
02:23:27.706 [main] DEBUG io.netty.buffer.ByteBufUtil - -Dio.netty.threadLocalDirectBufferSize: 0
02:23:27.706 [main] DEBUG io.netty.buffer.ByteBufUtil - -Dio.netty.maxThreadLocalCharBufferSize: 16384
02:23:27.865 [Forwarding newSession on session null to remote] DEBUG io.netty.channel.DefaultChannelId - -Dio.netty.processId: 25809 (auto-detected)
02:23:27.866 [Forwarding newSession on session null to remote] DEBUG io.netty.util.NetUtil - -Djava.net.preferIPv4Stack: false
02:23:27.866 [Forwarding newSession on session null to remote] DEBUG io.netty.util.NetUtil - -Djava.net.preferIPv6Addresses: false
02:23:27.867 [Forwarding newSession on session null to remote] DEBUG io.netty.util.NetUtilInitializations - Loopback interface: lo0 (lo0, 0:0:0:0:0:0:0:1%lo0)
02:23:27.868 [Forwarding newSession on session null to remote] DEBUG io.netty.util.NetUtil - Failed to get SOMAXCONN from sysctl and file /proc/sys/net/core/somaxconn. Default: 128
02:23:27.868 [Forwarding newSession on session null to remote] DEBUG io.netty.channel.DefaultChannelId - -Dio.netty.machineId: 3c:06:30:ff:fe:15:d0:4c (auto-detected)
02:23:27.884 [AsyncHttpClient-1-2] DEBUG io.netty.buffer.AbstractByteBuf - -Dio.netty.buffer.checkAccessible: true
02:23:27.884 [AsyncHttpClient-1-2] DEBUG io.netty.buffer.AbstractByteBuf - -Dio.netty.buffer.checkBounds: true
02:23:27.884 [AsyncHttpClient-1-2] DEBUG io.netty.util.ResourceLeakDetectorFactory - Loaded default ResourceLeakDetector: io.netty.util.ResourceLeakDetector@6bbd3cf2
02:23:27.889 [AsyncHttpClient-1-2] DEBUG org.asynchttpclient.netty.channel.NettyConnectListener - Using new Channel '[id: 0xb9dc5b15, L:/127.0.0.1:55014 - R:localhost/127.0.0.1:13956]' for 'POST' to '/session'
02:23:27.895 [AsyncHttpClient-1-2] DEBUG io.netty.util.Recycler - -Dio.netty.recycler.maxCapacityPerThread: 4096
02:23:27.895 [AsyncHttpClient-1-2] DEBUG io.netty.util.Recycler - -Dio.netty.recycler.ratio: 8
02:23:27.895 [AsyncHttpClient-1-2] DEBUG io.netty.util.Recycler - -Dio.netty.recycler.chunkSize: 32
02:23:27.895 [AsyncHttpClient-1-2] DEBUG io.netty.util.Recycler - -Dio.netty.recycler.blocking: false
02:23:29.990 [AsyncHttpClient-1-2] DEBUG io.netty.handler.codec.compression.Brotli - brotli4j not in the classpath; Brotli support will be unavailable.
02:23:29.991 [AsyncHttpClient-1-2] DEBUG org.asynchttpclient.netty.handler.HttpHandler - 

Request DefaultHttpRequest(decodeResult: success, version: HTTP/1.1)
POST /session HTTP/1.1
User-Agent: selenium/4.6.0 (java mac)
Content-Length: 1021
Content-Type: application/json; charset=utf-8
host: localhost:13956
accept: */*

Response DefaultHttpResponse(decodeResult: success, version: HTTP/1.1)
HTTP/1.1 200 OK
Content-Type: application/json; charset=utf-8
cache-control: no-cache
content-length: 801

02:23:29.995 [AsyncHttpClient-1-2] DEBUG org.asynchttpclient.netty.channel.ChannelManager - Adding key: http://localhost:13956 for channel [id: 0xb9dc5b15, L:/127.0.0.1:55014 - R:localhost/127.0.0.1:13956]
02:23:30.029 [AsyncHttpClient-1-3] DEBUG org.asynchttpclient.netty.channel.NettyConnectListener - Using new Channel '[id: 0xd7b4819f, L:/127.0.0.1:55020 - R:localhost/127.0.0.1:55015]' for 'GET' to '/json/version'
02:23:30.033 [AsyncHttpClient-1-3] DEBUG org.asynchttpclient.netty.handler.HttpHandler - 

Request DefaultFullHttpRequest(decodeResult: success, version: HTTP/1.1, content: EmptyByteBufBE)
GET /json/version HTTP/1.1
User-Agent: selenium/4.6.0 (java mac)
host: localhost:55015
accept: */*

Response DefaultHttpResponse(decodeResult: success, version: HTTP/1.1)
HTTP/1.1 200 OK
Content-Type: application/json; charset=UTF-8
content-length: 421

02:23:30.033 [AsyncHttpClient-1-3] DEBUG org.asynchttpclient.netty.channel.ChannelManager - Adding key: http://localhost:55015 for channel [id: 0xd7b4819f, L:/127.0.0.1:55020 - R:localhost/127.0.0.1:55015]
02:23:30.037 [main] DEBUG io.netty.util.internal.ThreadLocalRandom - -Dio.netty.initialSeedUniquifier: 0xa25f38d7349ab224
02:23:30.039 [AsyncHttpClient-1-4] DEBUG org.asynchttpclient.netty.channel.NettyConnectListener - Using new Channel '[id: 0x5552a969, L:/127.0.0.1:55021 - R:localhost/127.0.0.1:55015]' for 'GET' to '/devtools/browser/ef3f99b8-bbae-4b3f-a531-47a58d729bec'
02:23:30.042 [AsyncHttpClient-1-4] DEBUG org.asynchttpclient.netty.handler.WebSocketHandler - 

Request DefaultFullHttpRequest(decodeResult: success, version: HTTP/1.1, content: EmptyByteBufBE)
GET /devtools/browser/ef3f99b8-bbae-4b3f-a531-47a58d729bec HTTP/1.1
upgrade: websocket
connection: upgrade
sec-websocket-key: WKZhtUMbm2Lr3RD6yHhvVQ==
sec-websocket-version: 13
origin: http://localhost:55015
host: localhost:55015
accept: */*
user-agent: AHC/2.1

Response DefaultHttpResponse(decodeResult: success, version: HTTP/1.1)
HTTP/1.1 101 WebSocket Protocol Handshake
Upgrade: WebSocket
Connection: Upgrade
Sec-WebSocket-Accept: PJMQUT7ct9RHdefqe/MQ6tyAKtY=

02:23:30.070 [Forwarding setTimeout on session 2ce9012b4bd209d98c8c8434150e2fdb to remote] DEBUG org.asynchttpclient.netty.request.NettyRequestSender - Using pooled Channel '[id: 0xb9dc5b15, L:/127.0.0.1:55014 - R:localhost/127.0.0.1:13956]' for 'POST' to 'http://localhost:13956/session/2ce9012b4bd209d98c8c8434150e2fdb/timeouts'
02:23:30.070 [Forwarding setTimeout on session 2ce9012b4bd209d98c8c8434150e2fdb to remote] DEBUG org.asynchttpclient.netty.request.NettyRequestSender - Using open Channel [id: 0xb9dc5b15, L:/127.0.0.1:55014 - R:localhost/127.0.0.1:13956] for POST '/session/2ce9012b4bd209d98c8c8434150e2fdb/timeouts'
02:23:30.074 [AsyncHttpClient-1-2] DEBUG org.asynchttpclient.netty.handler.HttpHandler - 

Request DefaultHttpRequest(decodeResult: success, version: HTTP/1.1)
POST /session/2ce9012b4bd209d98c8c8434150e2fdb/timeouts HTTP/1.1
User-Agent: selenium/4.6.0 (java mac)
Content-Length: 23
Content-Type: application/json; charset=utf-8
host: localhost:13956
accept: */*

Response DefaultHttpResponse(decodeResult: success, version: HTTP/1.1)
HTTP/1.1 200 OK
Content-Type: application/json; charset=utf-8
cache-control: no-cache
content-length: 14

02:23:30.075 [AsyncHttpClient-1-2] DEBUG org.asynchttpclient.netty.channel.ChannelManager - Adding key: http://localhost:13956 for channel [id: 0xb9dc5b15, L:/127.0.0.1:55014 - R:localhost/127.0.0.1:13956]
02:23:30.079 [Forwarding maximizeCurrentWindow on session 2ce9012b4bd209d98c8c8434150e2fdb to remote] DEBUG org.asynchttpclient.netty.request.NettyRequestSender - Using pooled Channel '[id: 0xb9dc5b15, L:/127.0.0.1:55014 - R:localhost/127.0.0.1:13956]' for 'POST' to 'http://localhost:13956/session/2ce9012b4bd209d98c8c8434150e2fdb/window/maximize'
02:23:30.079 [Forwarding maximizeCurrentWindow on session 2ce9012b4bd209d98c8c8434150e2fdb to remote] DEBUG org.asynchttpclient.netty.request.NettyRequestSender - Using open Channel [id: 0xb9dc5b15, L:/127.0.0.1:55014 - R:localhost/127.0.0.1:13956] for POST '/session/2ce9012b4bd209d98c8c8434150e2fdb/window/maximize'
02:23:30.206 [AsyncHttpClient-1-2] DEBUG org.asynchttpclient.netty.handler.HttpHandler - 

Request DefaultHttpRequest(decodeResult: success, version: HTTP/1.1)
POST /session/2ce9012b4bd209d98c8c8434150e2fdb/window/maximize HTTP/1.1
User-Agent: selenium/4.6.0 (java mac)
Content-Length: 3
Content-Type: application/json; charset=utf-8
host: localhost:13956
accept: */*

Response DefaultHttpResponse(decodeResult: success, version: HTTP/1.1)
HTTP/1.1 200 OK
Content-Type: application/json; charset=utf-8
cache-control: no-cache
content-length: 50

02:23:30.206 [AsyncHttpClient-1-2] DEBUG org.asynchttpclient.netty.channel.ChannelManager - Adding key: http://localhost:13956 for channel [id: 0xb9dc5b15, L:/127.0.0.1:55014 - R:localhost/127.0.0.1:13956]
02:23:30.591 [main] DEBUG net.thucydides.core.reflection.ClassFinder - Could not load class .Pages.NetflixPage
02:23:30.592 [main] DEBUG net.thucydides.core.reflection.ClassFinder - Could not load class .Runner.CucumberTestSuite
02:23:30.592 [main] DEBUG net.thucydides.core.reflection.ClassFinder - Could not load class .Steps.NetflixSteps
02:23:30.592 [main] DEBUG net.thucydides.core.reflection.ClassFinder - Could not load class .StepsDefinitions.NetflixDefinitions
02:23:30.592 [main] DEBUG net.thucydides.core.reflection.ClassFinder - Could not load class META-INF.versions.9.com.sun.istack.logging.StackHelper
02:23:30.592 [main] DEBUG net.thucydides.core.reflection.ClassFinder - Could not load class META-INF.versions.9.com.sun.xml.bind.v2.runtime.reflect.opt.AccessorInjector
02:23:30.593 [main] DEBUG net.thucydides.core.reflection.ClassFinder - Could not load class META-INF.versions.9.com.sun.xml.bind.v2.runtime.reflect.opt.Injector
02:23:30.594 [main] DEBUG net.thucydides.core.reflection.ClassFinder - Could not load class META-INF.versions.9.com.sun.xml.bind.v2.runtime.reflect.opt.OptimizedAccessorFactory
02:23:30.595 [main] DEBUG net.thucydides.core.reflection.ClassFinder - Could not load class META-INF.versions.9.com.sun.xml.bind.v2.runtime.reflect.opt.OptimizedTransducedAccessorFactory
02:23:30.596 [main] DEBUG net.thucydides.core.reflection.ClassFinder - Could not load class META-INF.versions.9.io.opentelemetry.sdk.internal.CurrentJavaVersionSpecific
02:23:30.596 [main] DEBUG net.thucydides.core.reflection.ClassFinder - Could not load class META-INF.versions.9.io.opentelemetry.sdk.internal.Java9VersionSpecific
02:23:30.596 [main] DEBUG net.thucydides.core.reflection.ClassFinder - Could not load class META-INF.versions.9.javax.xml.bind.ModuleUtil
02:23:30.596 [main] DEBUG net.thucydides.core.reflection.ClassFinder - Could not load class META-INF.versions.9.module-info
02:23:30.597 [main] DEBUG net.thucydides.core.reflection.ClassFinder - Could not load class META-INF.versions.9.org.junit.platform.commons.util.ModuleUtils
02:23:30.790 [main] DEBUG net.thucydides.core.reflection.ClassFinder - Could not load class com.google.gson.internal.
02:23:30.846 [main] DEBUG net.thucydides.core.reflection.ClassFinder - Could not load class com.sun.xml.bind.v2.runtime.output.FastInfosetStreamWriterOutput
02:23:30.968 [AsyncHttpClient-1-1] DEBUG org.asynchttpclient.netty.channel.DefaultChannelPool - Entry count for : http://localhost:13956 : 1
02:23:30.968 [AsyncHttpClient-1-1] DEBUG org.asynchttpclient.netty.channel.DefaultChannelPool - Entry count for : http://localhost:55015 : 1
02:23:31.008 [main] DEBUG net.thucydides.core.reflection.ClassFinder - Could not load class module-info
02:23:31.877 [Forwarding get on session 2ce9012b4bd209d98c8c8434150e2fdb to remote] DEBUG org.asynchttpclient.netty.request.NettyRequestSender - Using pooled Channel '[id: 0xb9dc5b15, L:/127.0.0.1:55014 - R:localhost/127.0.0.1:13956]' for 'POST' to 'http://localhost:13956/session/2ce9012b4bd209d98c8c8434150e2fdb/url'
02:23:31.877 [Forwarding get on session 2ce9012b4bd209d98c8c8434150e2fdb to remote] DEBUG org.asynchttpclient.netty.request.NettyRequestSender - Using open Channel [id: 0xb9dc5b15, L:/127.0.0.1:55014 - R:localhost/127.0.0.1:13956] for POST '/session/2ce9012b4bd209d98c8c8434150e2fdb/url'
02:23:32.068 [AsyncHttpClient-1-1] DEBUG org.asynchttpclient.netty.channel.DefaultChannelPool - Entry count for : http://localhost:55015 : 1
02:23:32.623 [AsyncHttpClient-1-2] DEBUG org.asynchttpclient.netty.handler.HttpHandler - 

Request DefaultHttpRequest(decodeResult: success, version: HTTP/1.1)
POST /session/2ce9012b4bd209d98c8c8434150e2fdb/url HTTP/1.1
User-Agent: selenium/4.6.0 (java mac)
Content-Length: 62
Content-Type: application/json; charset=utf-8
host: localhost:13956
accept: */*

Response DefaultHttpResponse(decodeResult: success, version: HTTP/1.1)
HTTP/1.1 200 OK
Content-Type: application/json; charset=utf-8
cache-control: no-cache
content-length: 14

02:23:32.623 [AsyncHttpClient-1-2] DEBUG org.asynchttpclient.netty.channel.ChannelManager - Adding key: http://localhost:13956 for channel [id: 0xb9dc5b15, L:/127.0.0.1:55014 - R:localhost/127.0.0.1:13956]
02:23:32.628 [Forwarding setTimeout on session 2ce9012b4bd209d98c8c8434150e2fdb to remote] DEBUG org.asynchttpclient.netty.request.NettyRequestSender - Using pooled Channel '[id: 0xb9dc5b15, L:/127.0.0.1:55014 - R:localhost/127.0.0.1:13956]' for 'POST' to 'http://localhost:13956/session/2ce9012b4bd209d98c8c8434150e2fdb/timeouts'
02:23:32.628 [Forwarding setTimeout on session 2ce9012b4bd209d98c8c8434150e2fdb to remote] DEBUG org.asynchttpclient.netty.request.NettyRequestSender - Using open Channel [id: 0xb9dc5b15, L:/127.0.0.1:55014 - R:localhost/127.0.0.1:13956] for POST '/session/2ce9012b4bd209d98c8c8434150e2fdb/timeouts'
02:23:32.629 [AsyncHttpClient-1-2] DEBUG org.asynchttpclient.netty.handler.HttpHandler - 

Request DefaultHttpRequest(decodeResult: success, version: HTTP/1.1)
POST /session/2ce9012b4bd209d98c8c8434150e2fdb/timeouts HTTP/1.1
User-Agent: selenium/4.6.0 (java mac)
Content-Length: 23
Content-Type: application/json; charset=utf-8
host: localhost:13956
accept: */*

Response DefaultHttpResponse(decodeResult: success, version: HTTP/1.1)
HTTP/1.1 200 OK
Content-Type: application/json; charset=utf-8
cache-control: no-cache
content-length: 14

02:23:32.630 [AsyncHttpClient-1-2] DEBUG org.asynchttpclient.netty.channel.ChannelManager - Adding key: http://localhost:13956 for channel [id: 0xb9dc5b15, L:/127.0.0.1:55014 - R:localhost/127.0.0.1:13956]
02:23:32.639 [Forwarding getCurrentUrl on session 2ce9012b4bd209d98c8c8434150e2fdb to remote] DEBUG org.asynchttpclient.netty.request.NettyRequestSender - Using pooled Channel '[id: 0xb9dc5b15, L:/127.0.0.1:55014 - R:localhost/127.0.0.1:13956]' for 'GET' to 'http://localhost:13956/session/2ce9012b4bd209d98c8c8434150e2fdb/url'
02:23:32.639 [Forwarding getCurrentUrl on session 2ce9012b4bd209d98c8c8434150e2fdb to remote] DEBUG org.asynchttpclient.netty.request.NettyRequestSender - Using open Channel [id: 0xb9dc5b15, L:/127.0.0.1:55014 - R:localhost/127.0.0.1:13956] for GET '/session/2ce9012b4bd209d98c8c8434150e2fdb/url'
02:23:32.643 [AsyncHttpClient-1-2] DEBUG org.asynchttpclient.netty.handler.HttpHandler - 

Request DefaultFullHttpRequest(decodeResult: success, version: HTTP/1.1, content: EmptyByteBufBE)
GET /session/2ce9012b4bd209d98c8c8434150e2fdb/url HTTP/1.1
User-Agent: selenium/4.6.0 (java mac)
Cache-Control: no-cache
Content-Type: application/json; charset=utf-8
host: localhost:13956
accept: */*

Response DefaultHttpResponse(decodeResult: success, version: HTTP/1.1)
HTTP/1.1 200 OK
Content-Type: application/json; charset=utf-8
cache-control: no-cache
content-length: 39

02:23:32.643 [AsyncHttpClient-1-2] DEBUG org.asynchttpclient.netty.channel.ChannelManager - Adding key: http://localhost:13956 for channel [id: 0xb9dc5b15, L:/127.0.0.1:55014 - R:localhost/127.0.0.1:13956]
02:23:32.645 [Forwarding getCurrentUrl on session 2ce9012b4bd209d98c8c8434150e2fdb to remote] DEBUG org.asynchttpclient.netty.request.NettyRequestSender - Using pooled Channel '[id: 0xb9dc5b15, L:/127.0.0.1:55014 - R:localhost/127.0.0.1:13956]' for 'GET' to 'http://localhost:13956/session/2ce9012b4bd209d98c8c8434150e2fdb/url'
02:23:32.645 [Forwarding getCurrentUrl on session 2ce9012b4bd209d98c8c8434150e2fdb to remote] DEBUG org.asynchttpclient.netty.request.NettyRequestSender - Using open Channel [id: 0xb9dc5b15, L:/127.0.0.1:55014 - R:localhost/127.0.0.1:13956] for GET '/session/2ce9012b4bd209d98c8c8434150e2fdb/url'
02:23:32.648 [AsyncHttpClient-1-2] DEBUG org.asynchttpclient.netty.handler.HttpHandler - 

Request DefaultFullHttpRequest(decodeResult: success, version: HTTP/1.1, content: EmptyByteBufBE)
GET /session/2ce9012b4bd209d98c8c8434150e2fdb/url HTTP/1.1
User-Agent: selenium/4.6.0 (java mac)
Cache-Control: no-cache
Content-Type: application/json; charset=utf-8
host: localhost:13956
accept: */*

Response DefaultHttpResponse(decodeResult: success, version: HTTP/1.1)
HTTP/1.1 200 OK
Content-Type: application/json; charset=utf-8
cache-control: no-cache
content-length: 39

02:23:32.648 [AsyncHttpClient-1-2] DEBUG org.asynchttpclient.netty.channel.ChannelManager - Adding key: http://localhost:13956 for channel [id: 0xb9dc5b15, L:/127.0.0.1:55014 - R:localhost/127.0.0.1:13956]
02:23:32.660 [main] DEBUG net.serenitybdd.core.photography.Darkroom - Opening darkroom
02:23:32.661 [Darkroom Processing Line] DEBUG net.serenitybdd.core.photography.DarkroomProcessingLine - Darkroom processing line starting up
02:23:32.663 [Forwarding getCurrentWindowHandle on session 2ce9012b4bd209d98c8c8434150e2fdb to remote] DEBUG org.asynchttpclient.netty.request.NettyRequestSender - Using pooled Channel '[id: 0xb9dc5b15, L:/127.0.0.1:55014 - R:localhost/127.0.0.1:13956]' for 'GET' to 'http://localhost:13956/session/2ce9012b4bd209d98c8c8434150e2fdb/window'
02:23:32.663 [Forwarding getCurrentWindowHandle on session 2ce9012b4bd209d98c8c8434150e2fdb to remote] DEBUG org.asynchttpclient.netty.request.NettyRequestSender - Using open Channel [id: 0xb9dc5b15, L:/127.0.0.1:55014 - R:localhost/127.0.0.1:13956] for GET '/session/2ce9012b4bd209d98c8c8434150e2fdb/window'
02:23:32.664 [AsyncHttpClient-1-2] DEBUG org.asynchttpclient.netty.handler.HttpHandler - 

Request DefaultFullHttpRequest(decodeResult: success, version: HTTP/1.1, content: EmptyByteBufBE)
GET /session/2ce9012b4bd209d98c8c8434150e2fdb/window HTTP/1.1
User-Agent: selenium/4.6.0 (java mac)
Cache-Control: no-cache
Content-Type: application/json; charset=utf-8
host: localhost:13956
accept: */*

Response DefaultHttpResponse(decodeResult: success, version: HTTP/1.1)
HTTP/1.1 200 OK
Content-Type: application/json; charset=utf-8
cache-control: no-cache
content-length: 53

02:23:32.664 [AsyncHttpClient-1-2] DEBUG org.asynchttpclient.netty.channel.ChannelManager - Adding key: http://localhost:13956 for channel [id: 0xb9dc5b15, L:/127.0.0.1:55014 - R:localhost/127.0.0.1:13956]
02:23:32.665 [Forwarding getAlertText on session 2ce9012b4bd209d98c8c8434150e2fdb to remote] DEBUG org.asynchttpclient.netty.request.NettyRequestSender - Using pooled Channel '[id: 0xb9dc5b15, L:/127.0.0.1:55014 - R:localhost/127.0.0.1:13956]' for 'GET' to 'http://localhost:13956/session/2ce9012b4bd209d98c8c8434150e2fdb/alert/text'
02:23:32.665 [Forwarding getAlertText on session 2ce9012b4bd209d98c8c8434150e2fdb to remote] DEBUG org.asynchttpclient.netty.request.NettyRequestSender - Using open Channel [id: 0xb9dc5b15, L:/127.0.0.1:55014 - R:localhost/127.0.0.1:13956] for GET '/session/2ce9012b4bd209d98c8c8434150e2fdb/alert/text'
02:23:32.667 [AsyncHttpClient-1-2] DEBUG org.asynchttpclient.netty.handler.HttpHandler - 

Request DefaultFullHttpRequest(decodeResult: success, version: HTTP/1.1, content: EmptyByteBufBE)
GET /session/2ce9012b4bd209d98c8c8434150e2fdb/alert/text HTTP/1.1
User-Agent: selenium/4.6.0 (java mac)
Cache-Control: no-cache
Content-Type: application/json; charset=utf-8
host: localhost:13956
accept: */*

Response DefaultHttpResponse(decodeResult: success, version: HTTP/1.1)
HTTP/1.1 404 Not Found
Content-Type: application/json; charset=utf-8
cache-control: no-cache
content-length: 1434

02:23:32.668 [AsyncHttpClient-1-2] DEBUG org.asynchttpclient.netty.channel.ChannelManager - Adding key: http://localhost:13956 for channel [id: 0xb9dc5b15, L:/127.0.0.1:55014 - R:localhost/127.0.0.1:13956]
02:23:32.677 [Forwarding switchToWindow on session 2ce9012b4bd209d98c8c8434150e2fdb to remote] DEBUG org.asynchttpclient.netty.request.NettyRequestSender - Using pooled Channel '[id: 0xb9dc5b15, L:/127.0.0.1:55014 - R:localhost/127.0.0.1:13956]' for 'POST' to 'http://localhost:13956/session/2ce9012b4bd209d98c8c8434150e2fdb/window'
02:23:32.677 [Forwarding switchToWindow on session 2ce9012b4bd209d98c8c8434150e2fdb to remote] DEBUG org.asynchttpclient.netty.request.NettyRequestSender - Using open Channel [id: 0xb9dc5b15, L:/127.0.0.1:55014 - R:localhost/127.0.0.1:13956] for POST '/session/2ce9012b4bd209d98c8c8434150e2fdb/window'
02:23:32.683 [AsyncHttpClient-1-2] DEBUG org.asynchttpclient.netty.handler.HttpHandler - 

Request DefaultHttpRequest(decodeResult: success, version: HTTP/1.1)
POST /session/2ce9012b4bd209d98c8c8434150e2fdb/window HTTP/1.1
User-Agent: selenium/4.6.0 (java mac)
Content-Length: 59
Content-Type: application/json; charset=utf-8
host: localhost:13956
accept: */*

Response DefaultHttpResponse(decodeResult: success, version: HTTP/1.1)
HTTP/1.1 200 OK
Content-Type: application/json; charset=utf-8
cache-control: no-cache
content-length: 14

02:23:32.684 [AsyncHttpClient-1-2] DEBUG org.asynchttpclient.netty.channel.ChannelManager - Adding key: http://localhost:13956 for channel [id: 0xb9dc5b15, L:/127.0.0.1:55014 - R:localhost/127.0.0.1:13956]
02:23:32.686 [Forwarding getCurrentUrl on session 2ce9012b4bd209d98c8c8434150e2fdb to remote] DEBUG org.asynchttpclient.netty.request.NettyRequestSender - Using pooled Channel '[id: 0xb9dc5b15, L:/127.0.0.1:55014 - R:localhost/127.0.0.1:13956]' for 'GET' to 'http://localhost:13956/session/2ce9012b4bd209d98c8c8434150e2fdb/url'
02:23:32.686 [Forwarding getCurrentUrl on session 2ce9012b4bd209d98c8c8434150e2fdb to remote] DEBUG org.asynchttpclient.netty.request.NettyRequestSender - Using open Channel [id: 0xb9dc5b15, L:/127.0.0.1:55014 - R:localhost/127.0.0.1:13956] for GET '/session/2ce9012b4bd209d98c8c8434150e2fdb/url'
02:23:32.690 [AsyncHttpClient-1-2] DEBUG org.asynchttpclient.netty.handler.HttpHandler - 

Request DefaultFullHttpRequest(decodeResult: success, version: HTTP/1.1, content: EmptyByteBufBE)
GET /session/2ce9012b4bd209d98c8c8434150e2fdb/url HTTP/1.1
User-Agent: selenium/4.6.0 (java mac)
Cache-Control: no-cache
Content-Type: application/json; charset=utf-8
host: localhost:13956
accept: */*

Response DefaultHttpResponse(decodeResult: success, version: HTTP/1.1)
HTTP/1.1 200 OK
Content-Type: application/json; charset=utf-8
cache-control: no-cache
content-length: 39

02:23:32.690 [AsyncHttpClient-1-2] DEBUG org.asynchttpclient.netty.channel.ChannelManager - Adding key: http://localhost:13956 for channel [id: 0xb9dc5b15, L:/127.0.0.1:55014 - R:localhost/127.0.0.1:13956]
02:23:32.692 [Forwarding screenshot on session 2ce9012b4bd209d98c8c8434150e2fdb to remote] DEBUG org.asynchttpclient.netty.request.NettyRequestSender - Using pooled Channel '[id: 0xb9dc5b15, L:/127.0.0.1:55014 - R:localhost/127.0.0.1:13956]' for 'GET' to 'http://localhost:13956/session/2ce9012b4bd209d98c8c8434150e2fdb/screenshot'
02:23:32.693 [Forwarding screenshot on session 2ce9012b4bd209d98c8c8434150e2fdb to remote] DEBUG org.asynchttpclient.netty.request.NettyRequestSender - Using open Channel [id: 0xb9dc5b15, L:/127.0.0.1:55014 - R:localhost/127.0.0.1:13956] for GET '/session/2ce9012b4bd209d98c8c8434150e2fdb/screenshot'
02:23:33.167 [AsyncHttpClient-1-1] DEBUG org.asynchttpclient.netty.channel.DefaultChannelPool - Entry count for : http://localhost:55015 : 1
02:23:34.267 [AsyncHttpClient-1-1] DEBUG org.asynchttpclient.netty.channel.DefaultChannelPool - Entry count for : http://localhost:55015 : 1
02:23:34.308 [AsyncHttpClient-1-2] DEBUG org.asynchttpclient.netty.handler.HttpHandler - 

Request DefaultFullHttpRequest(decodeResult: success, version: HTTP/1.1, content: EmptyByteBufBE)
GET /session/2ce9012b4bd209d98c8c8434150e2fdb/screenshot HTTP/1.1
User-Agent: selenium/4.6.0 (java mac)
Cache-Control: no-cache
Content-Type: application/json; charset=utf-8
host: localhost:13956
accept: */*

Response DefaultHttpResponse(decodeResult: success, version: HTTP/1.1)
HTTP/1.1 200 OK
Content-Type: application/json; charset=utf-8
cache-control: no-cache
content-length: 5147256

02:23:34.319 [AsyncHttpClient-1-2] DEBUG org.asynchttpclient.netty.channel.ChannelManager - Adding key: http://localhost:13956 for channel [id: 0xb9dc5b15, L:/127.0.0.1:55014 - R:localhost/127.0.0.1:13956]
02:23:34.470 [main] DEBUG net.serenitybdd.core.photography.Darkroom - Send negative for processing for target/site/serenity/2e9c307dd98b0aed69af0ff9e0e273c292a2dfb042c32443de488257bb2e8453.png
02:23:34.470 [Darkroom Processing Line] DEBUG net.serenitybdd.core.photography.DarkroomProcessingLine - Processing screenshot image in /var/screenshots/screenshot-12989228107405969025
02:23:34.470 [Darkroom Processing Line] DEBUG net.serenitybdd.core.photography.DarkroomProcessingLine - Saving screenshot to target/site/serenity/2e9c307dd98b0aed69af0ff9e0e273c292a2dfb042c32443de488257bb2e8453.png
02:23:34.472 [main] DEBUG net.thucydides.core.steps.StepInterceptor - STEP DONE: openBrowser
  &amp#27;[32mGiven &amp#27;[0m&amp#27;[32mthat a user enters Netflix&amp#27;[0m       &amp#27;[90m# StepsDefinitions.NetflixDefinitions.navigateToNetflix()&amp#27;[0m
02:23:34.491 [main] DEBUG net.thucydides.core.steps.StepInterceptor - STARTING STEP: NetflixDefinitions.validateTittle - getTitle
02:23:34.510 [Forwarding getTitle on session 2ce9012b4bd209d98c8c8434150e2fdb to remote] DEBUG org.asynchttpclient.netty.request.NettyRequestSender - Using pooled Channel '[id: 0xb9dc5b15, L:/127.0.0.1:55014 - R:localhost/127.0.0.1:13956]' for 'GET' to 'http://localhost:13956/session/2ce9012b4bd209d98c8c8434150e2fdb/title'
02:23:34.510 [Forwarding getTitle on session 2ce9012b4bd209d98c8c8434150e2fdb to remote] DEBUG org.asynchttpclient.netty.request.NettyRequestSender - Using open Channel [id: 0xb9dc5b15, L:/127.0.0.1:55014 - R:localhost/127.0.0.1:13956] for GET '/session/2ce9012b4bd209d98c8c8434150e2fdb/title'
02:23:34.513 [AsyncHttpClient-1-2] DEBUG org.asynchttpclient.netty.handler.HttpHandler - 

Request DefaultFullHttpRequest(decodeResult: success, version: HTTP/1.1, content: EmptyByteBufBE)
GET /session/2ce9012b4bd209d98c8c8434150e2fdb/title HTTP/1.1
User-Agent: selenium/4.6.0 (java mac)
Cache-Control: no-cache
Content-Type: application/json; charset=utf-8
host: localhost:13956
accept: */*

Response DefaultHttpResponse(decodeResult: success, version: HTTP/1.1)
HTTP/1.1 200 OK
Content-Type: application/json; charset=utf-8
cache-control: no-cache
content-length: 68

02:23:34.513 [AsyncHttpClient-1-2] DEBUG org.asynchttpclient.netty.channel.ChannelManager - Adding key: http://localhost:13956 for channel [id: 0xb9dc5b15, L:/127.0.0.1:55014 - R:localhost/127.0.0.1:13956]
02:23:34.515 [Forwarding getTitle on session 2ce9012b4bd209d98c8c8434150e2fdb to remote] DEBUG org.asynchttpclient.netty.request.NettyRequestSender - Using pooled Channel '[id: 0xb9dc5b15, L:/127.0.0.1:55014 - R:localhost/127.0.0.1:13956]' for 'GET' to 'http://localhost:13956/session/2ce9012b4bd209d98c8c8434150e2fdb/title'
02:23:34.515 [Forwarding getTitle on session 2ce9012b4bd209d98c8c8434150e2fdb to remote] DEBUG org.asynchttpclient.netty.request.NettyRequestSender - Using open Channel [id: 0xb9dc5b15, L:/127.0.0.1:55014 - R:localhost/127.0.0.1:13956] for GET '/session/2ce9012b4bd209d98c8c8434150e2fdb/title'
02:23:34.517 [AsyncHttpClient-1-2] DEBUG org.asynchttpclient.netty.handler.HttpHandler - 

Request DefaultFullHttpRequest(decodeResult: success, version: HTTP/1.1, content: EmptyByteBufBE)
GET /session/2ce9012b4bd209d98c8c8434150e2fdb/title HTTP/1.1
User-Agent: selenium/4.6.0 (java mac)
Cache-Control: no-cache
Content-Type: application/json; charset=utf-8
host: localhost:13956
accept: */*

Response DefaultHttpResponse(decodeResult: success, version: HTTP/1.1)
HTTP/1.1 200 OK
Content-Type: application/json; charset=utf-8
cache-control: no-cache
content-length: 68

02:23:34.517 [AsyncHttpClient-1-2] DEBUG org.asynchttpclient.netty.channel.ChannelManager - Adding key: http://localhost:13956 for channel [id: 0xb9dc5b15, L:/127.0.0.1:55014 - R:localhost/127.0.0.1:13956]
02:23:34.520 [Forwarding getCurrentWindowHandle on session 2ce9012b4bd209d98c8c8434150e2fdb to remote] DEBUG org.asynchttpclient.netty.request.NettyRequestSender - Using pooled Channel '[id: 0xb9dc5b15, L:/127.0.0.1:55014 - R:localhost/127.0.0.1:13956]' for 'GET' to 'http://localhost:13956/session/2ce9012b4bd209d98c8c8434150e2fdb/window'
02:23:34.520 [Forwarding getCurrentWindowHandle on session 2ce9012b4bd209d98c8c8434150e2fdb to remote] DEBUG org.asynchttpclient.netty.request.NettyRequestSender - Using open Channel [id: 0xb9dc5b15, L:/127.0.0.1:55014 - R:localhost/127.0.0.1:13956] for GET '/session/2ce9012b4bd209d98c8c8434150e2fdb/window'
02:23:34.521 [AsyncHttpClient-1-2] DEBUG org.asynchttpclient.netty.handler.HttpHandler - 

Request DefaultFullHttpRequest(decodeResult: success, version: HTTP/1.1, content: EmptyByteBufBE)
GET /session/2ce9012b4bd209d98c8c8434150e2fdb/window HTTP/1.1
User-Agent: selenium/4.6.0 (java mac)
Cache-Control: no-cache
Content-Type: application/json; charset=utf-8
host: localhost:13956
accept: */*

Response DefaultHttpResponse(decodeResult: success, version: HTTP/1.1)
HTTP/1.1 200 OK
Content-Type: application/json; charset=utf-8
cache-control: no-cache
content-length: 53

02:23:34.521 [AsyncHttpClient-1-2] DEBUG org.asynchttpclient.netty.channel.ChannelManager - Adding key: http://localhost:13956 for channel [id: 0xb9dc5b15, L:/127.0.0.1:55014 - R:localhost/127.0.0.1:13956]
02:23:34.521 [Forwarding getAlertText on session 2ce9012b4bd209d98c8c8434150e2fdb to remote] DEBUG org.asynchttpclient.netty.request.NettyRequestSender - Using pooled Channel '[id: 0xb9dc5b15, L:/127.0.0.1:55014 - R:localhost/127.0.0.1:13956]' for 'GET' to 'http://localhost:13956/session/2ce9012b4bd209d98c8c8434150e2fdb/alert/text'
02:23:34.521 [Forwarding getAlertText on session 2ce9012b4bd209d98c8c8434150e2fdb to remote] DEBUG org.asynchttpclient.netty.request.NettyRequestSender - Using open Channel [id: 0xb9dc5b15, L:/127.0.0.1:55014 - R:localhost/127.0.0.1:13956] for GET '/session/2ce9012b4bd209d98c8c8434150e2fdb/alert/text'
02:23:34.522 [AsyncHttpClient-1-2] DEBUG org.asynchttpclient.netty.handler.HttpHandler - 

Request DefaultFullHttpRequest(decodeResult: success, version: HTTP/1.1, content: EmptyByteBufBE)
GET /session/2ce9012b4bd209d98c8c8434150e2fdb/alert/text HTTP/1.1
User-Agent: selenium/4.6.0 (java mac)
Cache-Control: no-cache
Content-Type: application/json; charset=utf-8
host: localhost:13956
accept: */*

Response DefaultHttpResponse(decodeResult: success, version: HTTP/1.1)
HTTP/1.1 404 Not Found
Content-Type: application/json; charset=utf-8
cache-control: no-cache
content-length: 1434

02:23:34.522 [AsyncHttpClient-1-2] DEBUG org.asynchttpclient.netty.channel.ChannelManager - Adding key: http://localhost:13956 for channel [id: 0xb9dc5b15, L:/127.0.0.1:55014 - R:localhost/127.0.0.1:13956]
02:23:34.524 [Forwarding switchToWindow on session 2ce9012b4bd209d98c8c8434150e2fdb to remote] DEBUG org.asynchttpclient.netty.request.NettyRequestSender - Using pooled Channel '[id: 0xb9dc5b15, L:/127.0.0.1:55014 - R:localhost/127.0.0.1:13956]' for 'POST' to 'http://localhost:13956/session/2ce9012b4bd209d98c8c8434150e2fdb/window'
02:23:34.525 [Forwarding switchToWindow on session 2ce9012b4bd209d98c8c8434150e2fdb to remote] DEBUG org.asynchttpclient.netty.request.NettyRequestSender - Using open Channel [id: 0xb9dc5b15, L:/127.0.0.1:55014 - R:localhost/127.0.0.1:13956] for POST '/session/2ce9012b4bd209d98c8c8434150e2fdb/window'
02:23:34.526 [AsyncHttpClient-1-2] DEBUG org.asynchttpclient.netty.handler.HttpHandler - 

Request DefaultHttpRequest(decodeResult: success, version: HTTP/1.1)
POST /session/2ce9012b4bd209d98c8c8434150e2fdb/window HTTP/1.1
User-Agent: selenium/4.6.0 (java mac)
Content-Length: 59
Content-Type: application/json; charset=utf-8
host: localhost:13956
accept: */*

Response DefaultHttpResponse(decodeResult: success, version: HTTP/1.1)
HTTP/1.1 200 OK
Content-Type: application/json; charset=utf-8
cache-control: no-cache
content-length: 14

02:23:34.526 [AsyncHttpClient-1-2] DEBUG org.asynchttpclient.netty.channel.ChannelManager - Adding key: http://localhost:13956 for channel [id: 0xb9dc5b15, L:/127.0.0.1:55014 - R:localhost/127.0.0.1:13956]
02:23:34.527 [Forwarding getCurrentUrl on session 2ce9012b4bd209d98c8c8434150e2fdb to remote] DEBUG org.asynchttpclient.netty.request.NettyRequestSender - Using pooled Channel '[id: 0xb9dc5b15, L:/127.0.0.1:55014 - R:localhost/127.0.0.1:13956]' for 'GET' to 'http://localhost:13956/session/2ce9012b4bd209d98c8c8434150e2fdb/url'
02:23:34.527 [Forwarding getCurrentUrl on session 2ce9012b4bd209d98c8c8434150e2fdb to remote] DEBUG org.asynchttpclient.netty.request.NettyRequestSender - Using open Channel [id: 0xb9dc5b15, L:/127.0.0.1:55014 - R:localhost/127.0.0.1:13956] for GET '/session/2ce9012b4bd209d98c8c8434150e2fdb/url'
02:23:34.528 [AsyncHttpClient-1-2] DEBUG org.asynchttpclient.netty.handler.HttpHandler - 

Request DefaultFullHttpRequest(decodeResult: success, version: HTTP/1.1, content: EmptyByteBufBE)
GET /session/2ce9012b4bd209d98c8c8434150e2fdb/url HTTP/1.1
User-Agent: selenium/4.6.0 (java mac)
Cache-Control: no-cache
Content-Type: application/json; charset=utf-8
host: localhost:13956
accept: */*

Response DefaultHttpResponse(decodeResult: success, version: HTTP/1.1)
HTTP/1.1 200 OK
Content-Type: application/json; charset=utf-8
cache-control: no-cache
content-length: 39

02:23:34.528 [AsyncHttpClient-1-2] DEBUG org.asynchttpclient.netty.channel.ChannelManager - Adding key: http://localhost:13956 for channel [id: 0xb9dc5b15, L:/127.0.0.1:55014 - R:localhost/127.0.0.1:13956]
02:23:34.529 [Forwarding screenshot on session 2ce9012b4bd209d98c8c8434150e2fdb to remote] DEBUG org.asynchttpclient.netty.request.NettyRequestSender - Using pooled Channel '[id: 0xb9dc5b15, L:/127.0.0.1:55014 - R:localhost/127.0.0.1:13956]' for 'GET' to 'http://localhost:13956/session/2ce9012b4bd209d98c8c8434150e2fdb/screenshot'
02:23:34.529 [Forwarding screenshot on session 2ce9012b4bd209d98c8c8434150e2fdb to remote] DEBUG org.asynchttpclient.netty.request.NettyRequestSender - Using open Channel [id: 0xb9dc5b15, L:/127.0.0.1:55014 - R:localhost/127.0.0.1:13956] for GET '/session/2ce9012b4bd209d98c8c8434150e2fdb/screenshot'
02:23:35.366 [AsyncHttpClient-1-1] DEBUG org.asynchttpclient.netty.channel.DefaultChannelPool - Entry count for : http://localhost:55015 : 1
02:23:36.061 [AsyncHttpClient-1-2] DEBUG org.asynchttpclient.netty.handler.HttpHandler - 

Request DefaultFullHttpRequest(decodeResult: success, version: HTTP/1.1, content: EmptyByteBufBE)
GET /session/2ce9012b4bd209d98c8c8434150e2fdb/screenshot HTTP/1.1
User-Agent: selenium/4.6.0 (java mac)
Cache-Control: no-cache
Content-Type: application/json; charset=utf-8
host: localhost:13956
accept: */*

Response DefaultHttpResponse(decodeResult: success, version: HTTP/1.1)
HTTP/1.1 200 OK
Content-Type: application/json; charset=utf-8
cache-control: no-cache
content-length: 5147256

02:23:36.069 [AsyncHttpClient-1-2] DEBUG org.asynchttpclient.netty.channel.ChannelManager - Adding key: http://localhost:13956 for channel [id: 0xb9dc5b15, L:/127.0.0.1:55014 - R:localhost/127.0.0.1:13956]
02:23:36.168 [main] DEBUG net.serenitybdd.core.photography.Darkroom - Send negative for processing for target/site/serenity/2e9c307dd98b0aed69af0ff9e0e273c292a2dfb042c32443de488257bb2e8453.png
02:23:36.169 [main] DEBUG net.thucydides.core.steps.StepInterceptor - STEP DONE: getTitle
  &amp#27;[32mWhen &amp#27;[0m&amp#27;[32mthe user validates the page title&amp#27;[0m &amp#27;[90m# StepsDefinitions.NetflixDefinitions.validateTittle()&amp#27;[0m
02:23:36.174 [main] DEBUG net.thucydides.core.steps.StepInterceptor - STARTING STEP: NetflixDefinitions.validateCurrentURL - getCurrentUrl
02:23:36.176 [Forwarding setTimeout on session 2ce9012b4bd209d98c8c8434150e2fdb to remote] DEBUG org.asynchttpclient.netty.request.NettyRequestSender - Using pooled Channel '[id: 0xb9dc5b15, L:/127.0.0.1:55014 - R:localhost/127.0.0.1:13956]' for 'POST' to 'http://localhost:13956/session/2ce9012b4bd209d98c8c8434150e2fdb/timeouts'
02:23:36.176 [Forwarding setTimeout on session 2ce9012b4bd209d98c8c8434150e2fdb to remote] DEBUG org.asynchttpclient.netty.request.NettyRequestSender - Using open Channel [id: 0xb9dc5b15, L:/127.0.0.1:55014 - R:localhost/127.0.0.1:13956] for POST '/session/2ce9012b4bd209d98c8c8434150e2fdb/timeouts'
02:23:36.177 [AsyncHttpClient-1-2] DEBUG org.asynchttpclient.netty.handler.HttpHandler - 

Request DefaultHttpRequest(decodeResult: success, version: HTTP/1.1)
POST /session/2ce9012b4bd209d98c8c8434150e2fdb/timeouts HTTP/1.1
User-Agent: selenium/4.6.0 (java mac)
Content-Length: 22
Content-Type: application/json; charset=utf-8
host: localhost:13956
accept: */*

Response DefaultHttpResponse(decodeResult: success, version: HTTP/1.1)
HTTP/1.1 200 OK
Content-Type: application/json; charset=utf-8
cache-control: no-cache
content-length: 14

02:23:36.177 [AsyncHttpClient-1-2] DEBUG org.asynchttpclient.netty.channel.ChannelManager - Adding key: http://localhost:13956 for channel [id: 0xb9dc5b15, L:/127.0.0.1:55014 - R:localhost/127.0.0.1:13956]
02:23:36.178 [Forwarding getCurrentUrl on session 2ce9012b4bd209d98c8c8434150e2fdb to remote] DEBUG org.asynchttpclient.netty.request.NettyRequestSender - Using pooled Channel '[id: 0xb9dc5b15, L:/127.0.0.1:55014 - R:localhost/127.0.0.1:13956]' for 'GET' to 'http://localhost:13956/session/2ce9012b4bd209d98c8c8434150e2fdb/url'
02:23:36.178 [Forwarding getCurrentUrl on session 2ce9012b4bd209d98c8c8434150e2fdb to remote] DEBUG org.asynchttpclient.netty.request.NettyRequestSender - Using open Channel [id: 0xb9dc5b15, L:/127.0.0.1:55014 - R:localhost/127.0.0.1:13956] for GET '/session/2ce9012b4bd209d98c8c8434150e2fdb/url'
02:23:36.180 [AsyncHttpClient-1-2] DEBUG org.asynchttpclient.netty.handler.HttpHandler - 

Request DefaultFullHttpRequest(decodeResult: success, version: HTTP/1.1, content: EmptyByteBufBE)
GET /session/2ce9012b4bd209d98c8c8434150e2fdb/url HTTP/1.1
User-Agent: selenium/4.6.0 (java mac)
Cache-Control: no-cache
Content-Type: application/json; charset=utf-8
host: localhost:13956
accept: */*

Response DefaultHttpResponse(decodeResult: success, version: HTTP/1.1)
HTTP/1.1 200 OK
Content-Type: application/json; charset=utf-8
cache-control: no-cache
content-length: 39

02:23:36.180 [AsyncHttpClient-1-2] DEBUG org.asynchttpclient.netty.channel.ChannelManager - Adding key: http://localhost:13956 for channel [id: 0xb9dc5b15, L:/127.0.0.1:55014 - R:localhost/127.0.0.1:13956]
02:23:36.182 [main] DEBUG net.thucydides.core.steps.StepInterceptor - STEP DONE: getCurrentUrl
02:23:36.183 [main] DEBUG net.thucydides.core.steps.StepInterceptor - STARTING STEP: NetflixDefinitions.validateCurrentURL - verifyUrlCurrent
02:23:36.184 [Forwarding setTimeout on session 2ce9012b4bd209d98c8c8434150e2fdb to remote] DEBUG org.asynchttpclient.netty.request.NettyRequestSender - Using pooled Channel '[id: 0xb9dc5b15, L:/127.0.0.1:55014 - R:localhost/127.0.0.1:13956]' for 'POST' to 'http://localhost:13956/session/2ce9012b4bd209d98c8c8434150e2fdb/timeouts'
02:23:36.184 [Forwarding setTimeout on session 2ce9012b4bd209d98c8c8434150e2fdb to remote] DEBUG org.asynchttpclient.netty.request.NettyRequestSender - Using open Channel [id: 0xb9dc5b15, L:/127.0.0.1:55014 - R:localhost/127.0.0.1:13956] for POST '/session/2ce9012b4bd209d98c8c8434150e2fdb/timeouts'
02:23:36.185 [AsyncHttpClient-1-2] DEBUG org.asynchttpclient.netty.handler.HttpHandler - 

Request DefaultHttpRequest(decodeResult: success, version: HTTP/1.1)
POST /session/2ce9012b4bd209d98c8c8434150e2fdb/timeouts HTTP/1.1
User-Agent: selenium/4.6.0 (java mac)
Content-Length: 22
Content-Type: application/json; charset=utf-8
host: localhost:13956
accept: */*

Response DefaultHttpResponse(decodeResult: success, version: HTTP/1.1)
HTTP/1.1 200 OK
Content-Type: application/json; charset=utf-8
cache-control: no-cache
content-length: 14

02:23:36.185 [AsyncHttpClient-1-2] DEBUG org.asynchttpclient.netty.channel.ChannelManager - Adding key: http://localhost:13956 for channel [id: 0xb9dc5b15, L:/127.0.0.1:55014 - R:localhost/127.0.0.1:13956]
02:23:36.186 [Forwarding getCurrentUrl on session 2ce9012b4bd209d98c8c8434150e2fdb to remote] DEBUG org.asynchttpclient.netty.request.NettyRequestSender - Using pooled Channel '[id: 0xb9dc5b15, L:/127.0.0.1:55014 - R:localhost/127.0.0.1:13956]' for 'GET' to 'http://localhost:13956/session/2ce9012b4bd209d98c8c8434150e2fdb/url'
02:23:36.186 [Forwarding getCurrentUrl on session 2ce9012b4bd209d98c8c8434150e2fdb to remote] DEBUG org.asynchttpclient.netty.request.NettyRequestSender - Using open Channel [id: 0xb9dc5b15, L:/127.0.0.1:55014 - R:localhost/127.0.0.1:13956] for GET '/session/2ce9012b4bd209d98c8c8434150e2fdb/url'
02:23:36.188 [AsyncHttpClient-1-2] DEBUG org.asynchttpclient.netty.handler.HttpHandler - 

Request DefaultFullHttpRequest(decodeResult: success, version: HTTP/1.1, content: EmptyByteBufBE)
GET /session/2ce9012b4bd209d98c8c8434150e2fdb/url HTTP/1.1
User-Agent: selenium/4.6.0 (java mac)
Cache-Control: no-cache
Content-Type: application/json; charset=utf-8
host: localhost:13956
accept: */*

Response DefaultHttpResponse(decodeResult: success, version: HTTP/1.1)
HTTP/1.1 200 OK
Content-Type: application/json; charset=utf-8
cache-control: no-cache
content-length: 39

02:23:36.188 [AsyncHttpClient-1-2] DEBUG org.asynchttpclient.netty.channel.ChannelManager - Adding key: http://localhost:13956 for channel [id: 0xb9dc5b15, L:/127.0.0.1:55014 - R:localhost/127.0.0.1:13956]
02:23:36.190 [main] DEBUG net.thucydides.core.steps.StepInterceptor - STEP DONE: verifyUrlCurrent
  &amp#27;[32mThen &amp#27;[0m&amp#27;[32mthe system must be on netflix&amp#27;[0m     &amp#27;[90m# StepsDefinitions.NetflixDefinitions.validateCurrentURL()&amp#27;[0m
02:23:36.193 [main] INFO  - 
  _____   ___   ___   _____     ___     _     ___   ___   ___   ___  
 |_   _| | __| / __| |_   _|   | _ \   /_\   / __| / __| | __| |   \ 
   | |   | _|  \__ \   | |     |  _/  / _ \  \__ \ \__ \ | _|  | |) |
   |_|   |___| |___/   |_|     |_|   /_/ \_\ |___/ |___/ |___| |___/ 

Validate netflix
----------------------------------------------------------------------
02:23:36.228 [Driver Command Executor] DEBUG org.asynchttpclient.netty.request.NettyRequestSender - Using pooled Channel '[id: 0xb9dc5b15, L:/127.0.0.1:55014 - R:localhost/127.0.0.1:13956]' for 'DELETE' to 'http://localhost:13956/session/2ce9012b4bd209d98c8c8434150e2fdb'
02:23:36.228 [Driver Command Executor] DEBUG org.asynchttpclient.netty.request.NettyRequestSender - Using open Channel [id: 0xb9dc5b15, L:/127.0.0.1:55014 - R:localhost/127.0.0.1:13956] for DELETE '/session/2ce9012b4bd209d98c8c8434150e2fdb'
02:23:36.232 [AsyncHttpClient-1-4] DEBUG org.asynchttpclient.netty.handler.WebSocketHandler - Channel Closed: [id: 0x5552a969, L:/127.0.0.1:55021 ! R:localhost/127.0.0.1:55015] with attribute NettyResponseFuture{currentRetry=0,
	isDone=1,
	isCancelled=0,
	asyncHandler=org.asynchttpclient.ws.WebSocketUpgradeHandler@1d895a9e,
	nettyRequest=org.asynchttpclient.netty.request.NettyRequest@7d2d7c02,
	future=java.util.concurrent.CompletableFuture@608f38c3[Completed normally],
	uri=ws://localhost:55015/devtools/browser/ef3f99b8-bbae-4b3f-a531-47a58d729bec,
	keepAlive=true,
	redirectCount=0,
	timeoutsHolder=null,
	inAuth=0,
	touch=1669879410048}
02:23:36.234 [AsyncHttpClient-1-4] DEBUG org.asynchttpclient.netty.channel.ChannelManager - Closing Channel [id: 0x5552a969, L:/127.0.0.1:55021 ! R:localhost/127.0.0.1:55015] 
02:23:36.237 [AsyncHttpClient-1-3] DEBUG org.asynchttpclient.netty.handler.HttpHandler - Channel Closed: [id: 0xd7b4819f, L:/127.0.0.1:55020 ! R:localhost/127.0.0.1:55015] with attribute DISCARD
02:23:36.279 [AsyncHttpClient-1-2] DEBUG org.asynchttpclient.netty.handler.HttpHandler - 

Request DefaultFullHttpRequest(decodeResult: success, version: HTTP/1.1, content: EmptyByteBufBE)
DELETE /session/2ce9012b4bd209d98c8c8434150e2fdb HTTP/1.1
User-Agent: selenium/4.6.0 (java mac)
Content-Type: application/json; charset=utf-8
host: localhost:13956
accept: */*

Response DefaultHttpResponse(decodeResult: success, version: HTTP/1.1)
HTTP/1.1 200 OK
Content-Type: application/json; charset=utf-8
cache-control: no-cache
content-length: 14

02:23:36.279 [AsyncHttpClient-1-2] DEBUG org.asynchttpclient.netty.channel.ChannelManager - Adding key: http://localhost:13956 for channel [id: 0xb9dc5b15, L:/127.0.0.1:55014 - R:localhost/127.0.0.1:13956]
02:23:36.288 [AsyncHttpClient-1-2] DEBUG org.asynchttpclient.netty.handler.HttpHandler - Channel Closed: [id: 0xb9dc5b15, L:/127.0.0.1:55014 ! R:localhost/127.0.0.1:13956] with attribute DISCARD
]]></system-out>
    <system-err><![CDATA[Starting ChromeDriver 104.0.5112.79 (3cf3e8c8a07d104b9e1260c910efb8f383285dc5-refs/branch-heads/5112@{#1307}) on port 13956
Only local connections are allowed.
Please see https://chromedriver.chromium.org/security-considerations for suggestions on keeping ChromeDriver safe.
ChromeDriver was started successfully.
[1669879409.934][WARNING]: This version of ChromeDriver has not been tested with Chrome version 105.
]]></system-err>
  </testcase>
</testsuite>